#
# There is insufficient memory for the Java Runtime Environment to continue.
# Native memory allocation (malloc) failed to allocate 202656 bytes for Chunk::new
# Possible reasons:
#   The system is out of physical RAM or swap space
#   The process is running with CompressedOops enabled, and the Java Heap may be blocking the growth of the native heap
# Possible solutions:
#   Reduce memory load on the system
#   Increase physical memory or swap space
#   Check if swap backing store is full
#   Decrease Java heap size (-Xmx/-Xms)
#   Decrease number of Java threads
#   Decrease Java thread stack sizes (-Xss)
#   Set larger code cache with -XX:ReservedCodeCacheSize=
#   JVM is running with Unscaled Compressed Oops mode in which the Java heap is
#     placed in the first 4GB address space. The Java Heap base address is the
#     maximum limit for the native heap growth. Please use -XX:HeapBaseMinAddress
#     to set the Java Heap base and to place the Java Heap above 4GB virtual address.
# This output file may be truncated or incomplete.
#
#  Out of Memory Error (arena.cpp:195), pid=6856, tid=21360
#
# JRE version: Java(TM) SE Runtime Environment (16.0.2+7) (build 16.0.2+7-67)
# Java VM: Java HotSpot(TM) 64-Bit Server VM (16.0.2+7-67, mixed mode, sharing, tiered, compressed oops, compressed class ptrs, g1 gc, windows-amd64)
# No core dump will be written. Minidumps are not enabled by default on client versions of Windows
#

---------------  S U M M A R Y ------------

Command Line: --module-path=C:\JavaFX\javafx-sdk-17.0.0.1\lib --add-modules=javafx.controls -javaagent:C:\Program Files\JetBrains\IntelliJ IDEA 2021.2.2\lib\idea_rt.jar=52435:C:\Program Files\JetBrains\IntelliJ IDEA 2021.2.2\bin -Dfile.encoding=UTF-8 Main

Host: Intel(R) Core(TM) i7-8750H CPU @ 2.20GHz, 12 cores, 7G,  Windows 10 , 64 bit Build 19041 (10.0.19041.1566)
Time: Mon Mar 21 00:06:48 2022 Paris, Madrid elapsed time: 13.301525 seconds (0d 0h 0m 13s)

---------------  T H R E A D  ---------------

Current thread (0x000001ee96219740):  JavaThread "C2 CompilerThread0" daemon [_thread_in_native, id=21360, stack(0x000000ddc6600000,0x000000ddc6700000)]


Current CompileTask:
C2:  13301 2281       4       com.sun.javafx.sg.prism.NGNode::doRender (473 bytes)

Stack: [0x000000ddc6600000,0x000000ddc6700000]
Native frames: (J=compiled Java code, j=interpreted, Vv=VM code, C=native code)
V  [jvm.dll+0x6681ca]
V  [jvm.dll+0x7c9e69]
V  [jvm.dll+0x7cb61e]
V  [jvm.dll+0x7cbc73]
V  [jvm.dll+0x242c55]
V  [jvm.dll+0xadeba]
V  [jvm.dll+0xae45c]
V  [jvm.dll+0x2a4cdf]
V  [jvm.dll+0x573c29]
V  [jvm.dll+0x21e48e]
V  [jvm.dll+0x217476]
V  [jvm.dll+0x214ffc]
V  [jvm.dll+0x1a1beb]
V  [jvm.dll+0x225158]
V  [jvm.dll+0x22319c]
V  [jvm.dll+0x77fa62]
V  [jvm.dll+0x7795aa]
V  [jvm.dll+0x667066]
C  [ucrtbase.dll+0x21bb2]
C  [KERNEL32.DLL+0x17034]
C  [ntdll.dll+0x52651]


---------------  P R O C E S S  ---------------

Threads class SMR info:
_java_thread_list=0x000001ee973234e0, length=18, elements={
0x000001eef7e811a0, 0x000001ee96201070, 0x000001ee96201d10, 0x000001ee96211690,
0x000001ee96211fa0, 0x000001ee962128b0, 0x000001ee962172e0, 0x000001ee96219740,
0x000001ee962230b0, 0x000001ee96227630, 0x000001ee96c76a50, 0x000001ee96f1c5b0,
0x000001ee96f1cad0, 0x000001ee96ffb6b0, 0x000001ee971195c0, 0x000001ee9714fd60,
0x000001ee9732d7d0, 0x000001ee9739a210
}

Java Threads: ( => current thread )
  0x000001eef7e811a0 JavaThread "main" [_thread_blocked, id=16588, stack(0x000000ddc5900000,0x000000ddc5a00000)]
  0x000001ee96201070 JavaThread "Reference Handler" daemon [_thread_blocked, id=16044, stack(0x000000ddc6000000,0x000000ddc6100000)]
  0x000001ee96201d10 JavaThread "Finalizer" daemon [_thread_blocked, id=12660, stack(0x000000ddc6100000,0x000000ddc6200000)]
  0x000001ee96211690 JavaThread "Signal Dispatcher" daemon [_thread_blocked, id=9124, stack(0x000000ddc6200000,0x000000ddc6300000)]
  0x000001ee96211fa0 JavaThread "Attach Listener" daemon [_thread_blocked, id=11392, stack(0x000000ddc6300000,0x000000ddc6400000)]
  0x000001ee962128b0 JavaThread "Service Thread" daemon [_thread_blocked, id=14584, stack(0x000000ddc6400000,0x000000ddc6500000)]
  0x000001ee962172e0 JavaThread "Monitor Deflation Thread" daemon [_thread_blocked, id=11812, stack(0x000000ddc6500000,0x000000ddc6600000)]
=>0x000001ee96219740 JavaThread "C2 CompilerThread0" daemon [_thread_in_native, id=21360, stack(0x000000ddc6600000,0x000000ddc6700000)]
  0x000001ee962230b0 JavaThread "C1 CompilerThread0" daemon [_thread_blocked, id=12684, stack(0x000000ddc6700000,0x000000ddc6800000)]
  0x000001ee96227630 JavaThread "Sweeper thread" daemon [_thread_blocked, id=20760, stack(0x000000ddc6800000,0x000000ddc6900000)]
  0x000001ee96c76a50 JavaThread "Common-Cleaner" daemon [_thread_blocked, id=3216, stack(0x000000ddc6900000,0x000000ddc6a00000)]
  0x000001ee96f1c5b0 JavaThread "Monitor Ctrl-Break" daemon [_thread_in_native, id=18588, stack(0x000000ddc6b00000,0x000000ddc6c00000)]
  0x000001ee96f1cad0 JavaThread "Notification Thread" daemon [_thread_blocked, id=13688, stack(0x000000ddc6c00000,0x000000ddc6d00000)]
  0x000001ee96ffb6b0 JavaThread "QuantumRenderer-0" daemon [_thread_in_native, id=8748, stack(0x000000ddc6a00000,0x000000ddc6b00000)]
  0x000001ee971195c0 JavaThread "InvokeLaterDispatcher" daemon [_thread_blocked, id=20572, stack(0x000000ddc6e00000,0x000000ddc6f00000)]
  0x000001ee9714fd60 JavaThread "JavaFX Application Thread" [_thread_in_native, id=6076, stack(0x000000ddc6f00000,0x000000ddc7000000)]
  0x000001ee9732d7d0 JavaThread "Thread-1" daemon [_thread_in_native, id=3704, stack(0x000000ddc7300000,0x000000ddc7400000)]
  0x000001ee9739a210 JavaThread "JavaFX-Launcher" [_thread_blocked, id=4676, stack(0x000000ddc7400000,0x000000ddc7500000)]

Other Threads:
  0x000001ee961fd540 VMThread "VM Thread" [stack: 0x000000ddc5f00000,0x000000ddc6000000] [id=16420]
  0x000001ee96ffe490 WatcherThread [stack: 0x000000ddc6d00000,0x000000ddc6e00000] [id=19896]
  0x000001eef7ec0600 GCTaskThread "GC Thread#0" [stack: 0x000000ddc5a00000,0x000000ddc5b00000] [id=9440]
  0x000001ee97406610 GCTaskThread "GC Thread#1" [stack: 0x000000ddc7500000,0x000000ddc7600000] [id=2992]
  0x000001ee97405360 GCTaskThread "GC Thread#2" [stack: 0x000000ddc7600000,0x000000ddc7700000] [id=6096]
  0x000001ee97405670 GCTaskThread "GC Thread#3" [stack: 0x000000ddc7700000,0x000000ddc7800000] [id=4672]
  0x000001ee9744a4a0 GCTaskThread "GC Thread#4" [stack: 0x000000ddc7800000,0x000000ddc7900000] [id=12908]
  0x000001ee97425860 GCTaskThread "GC Thread#5" [stack: 0x000000ddc7900000,0x000000ddc7a00000] [id=8040]
  0x000001ee9746d6f0 GCTaskThread "GC Thread#6" [stack: 0x000000ddc7a00000,0x000000ddc7b00000] [id=15024]
  0x000001ee977f8d30 GCTaskThread "GC Thread#7" [stack: 0x000000ddc7b00000,0x000000ddc7c00000] [id=16472]
  0x000001eef7ed3b50 ConcurrentGCThread "G1 Main Marker" [stack: 0x000000ddc5b00000,0x000000ddc5c00000] [id=20848]
  0x000001eef7ed4cf0 ConcurrentGCThread "G1 Conc#0" [stack: 0x000000ddc5c00000,0x000000ddc5d00000] [id=8200]
  0x000001ee9742f730 ConcurrentGCThread "G1 Conc#1" [stack: 0x000000ddc7c00000,0x000000ddc7d00000] [id=8612]
  0x000001ee9d1f9ac0 ConcurrentGCThread "G1 Conc#2" [stack: 0x000000ddc7d00000,0x000000ddc7e00000] [id=1832]
  0x000001eef7f5da30 ConcurrentGCThread "G1 Refine#0" [stack: 0x000000ddc5d00000,0x000000ddc5e00000] [id=11080]
  0x000001eef7f5e440 ConcurrentGCThread "G1 Service" [stack: 0x000000ddc5e00000,0x000000ddc5f00000] [id=2072]

Threads with active compile tasks:
C2 CompilerThread0    13492 2281       4       com.sun.javafx.sg.prism.NGNode::doRender (473 bytes)

VM state: not at safepoint (normal execution)

VM Mutex/Monitor currently owned by a thread: None

Heap address: 0x0000000084000000, size: 1984 MB, Compressed Oops mode: 32-bit

CDS archive(s) mapped at: [0x0000000800000000-0x0000000800bb0000-0x0000000800bb0000), size 12255232, SharedBaseAddress: 0x0000000800000000, ArchiveRelocationMode: 0.
Compressed class space mapped at: 0x0000000800c00000-0x0000000840c00000, reserved size: 1073741824
Narrow klass base: 0x0000000800000000, Narrow klass shift: 3, Narrow klass range: 0x100000000

GC Precious Log:
 CPUs: 12 total, 12 available
 Memory: 7928M
 Large Page Support: Disabled
 NUMA Support: Disabled
 Compressed Oops: Enabled (32-bit)
 Heap Region Size: 1M
 Heap Min Capacity: 8M
 Heap Initial Capacity: 124M
 Heap Max Capacity: 1984M
 Pre-touch: Disabled
 Parallel Workers: 10
 Concurrent Workers: 3
 Concurrent Refinement Workers: 10
 Periodic GC: Disabled

Heap:
 garbage-first heap   total 329728K, used 231776K [0x0000000084000000, 0x0000000100000000)
  region size 1024K, 36 young (36864K), 1 survivors (1024K)
 Metaspace       used 9457K, committed 9664K, reserved 1064960K
  class space    used 1127K, committed 1216K, reserved 1048576K

Heap Regions: E=young(eden), S=young(survivor), O=old, HS=humongous(starts), HC=humongous(continues), CS=collection set, F=free, OA=open archive, CA=closed archive, TAMS=top-at-mark-start (previous, next)
|   0|0x0000000084000000, 0x0000000084100000, 0x0000000084100000|100%|HS|  |TAMS 0x0000000084100000, 0x0000000084000000| Complete 
|   1|0x0000000084100000, 0x0000000084200000, 0x0000000084200000|100%|HC|  |TAMS 0x0000000084200000, 0x0000000084100000| Complete 
|   2|0x0000000084200000, 0x0000000084300000, 0x0000000084300000|100%|HC|  |TAMS 0x0000000084300000, 0x0000000084200000| Complete 
|   3|0x0000000084300000, 0x0000000084400000, 0x0000000084400000|100%|HC|  |TAMS 0x0000000084400000, 0x0000000084300000| Complete 
|   4|0x0000000084400000, 0x0000000084500000, 0x0000000084500000|100%|HC|  |TAMS 0x0000000084500000, 0x0000000084400000| Complete 
|   5|0x0000000084500000, 0x0000000084600000, 0x0000000084600000|100%|HC|  |TAMS 0x0000000084600000, 0x0000000084500000| Complete 
|   6|0x0000000084600000, 0x0000000084700000, 0x0000000084700000|100%|HS|  |TAMS 0x0000000084700000, 0x0000000084600000| Complete 
|   7|0x0000000084700000, 0x0000000084800000, 0x0000000084800000|100%|HC|  |TAMS 0x0000000084800000, 0x0000000084700000| Complete 
|   8|0x0000000084800000, 0x0000000084900000, 0x0000000084900000|100%|HC|  |TAMS 0x0000000084900000, 0x0000000084800000| Complete 
|   9|0x0000000084900000, 0x0000000084a00000, 0x0000000084a00000|100%|HC|  |TAMS 0x0000000084a00000, 0x0000000084900000| Complete 
|  10|0x0000000084a00000, 0x0000000084b00000, 0x0000000084b00000|100%|HC|  |TAMS 0x0000000084b00000, 0x0000000084a00000| Complete 
|  11|0x0000000084b00000, 0x0000000084c00000, 0x0000000084c00000|100%|HC|  |TAMS 0x0000000084c00000, 0x0000000084b00000| Complete 
|  12|0x0000000084c00000, 0x0000000084d00000, 0x0000000084d00000|100%|HS|  |TAMS 0x0000000084d00000, 0x0000000084c00000| Complete 
|  13|0x0000000084d00000, 0x0000000084e00000, 0x0000000084e00000|100%|HC|  |TAMS 0x0000000084e00000, 0x0000000084d00000| Complete 
|  14|0x0000000084e00000, 0x0000000084f00000, 0x0000000084f00000|100%|HS|  |TAMS 0x0000000084f00000, 0x0000000084e00000| Complete 
|  15|0x0000000084f00000, 0x0000000085000000, 0x0000000085000000|100%|HC|  |TAMS 0x0000000085000000, 0x0000000084f00000| Complete 
|  16|0x0000000085000000, 0x0000000085100000, 0x0000000085100000|100%|HS|  |TAMS 0x0000000085100000, 0x0000000085000000| Complete 
|  17|0x0000000085100000, 0x0000000085200000, 0x0000000085200000|100%|HC|  |TAMS 0x0000000085200000, 0x0000000085100000| Complete 
|  18|0x0000000085200000, 0x0000000085300000, 0x0000000085300000|100%|HS|  |TAMS 0x0000000085300000, 0x0000000085200000| Complete 
|  19|0x0000000085300000, 0x0000000085400000, 0x0000000085400000|100%|HC|  |TAMS 0x0000000085400000, 0x0000000085300000| Complete 
|  20|0x0000000085400000, 0x0000000085500000, 0x0000000085500000|100%|HC|  |TAMS 0x0000000085500000, 0x0000000085400000| Complete 
|  21|0x0000000085500000, 0x0000000085600000, 0x0000000085600000|100%|HC|  |TAMS 0x0000000085600000, 0x0000000085500000| Complete 
|  22|0x0000000085600000, 0x0000000085700000, 0x0000000085700000|100%|HC|  |TAMS 0x0000000085700000, 0x0000000085600000| Complete 
|  23|0x0000000085700000, 0x0000000085800000, 0x0000000085800000|100%|HC|  |TAMS 0x0000000085800000, 0x0000000085700000| Complete 
|  24|0x0000000085800000, 0x0000000085900000, 0x0000000085900000|100%|HC|  |TAMS 0x0000000085900000, 0x0000000085800000| Complete 
|  25|0x0000000085900000, 0x0000000085a00000, 0x0000000085a00000|100%|HC|  |TAMS 0x0000000085a00000, 0x0000000085900000| Complete 
|  26|0x0000000085a00000, 0x0000000085b00000, 0x0000000085b00000|100%|HC|  |TAMS 0x0000000085b00000, 0x0000000085a00000| Complete 
|  27|0x0000000085b00000, 0x0000000085c00000, 0x0000000085c00000|100%|HC|  |TAMS 0x0000000085c00000, 0x0000000085b00000| Complete 
|  28|0x0000000085c00000, 0x0000000085d00000, 0x0000000085d00000|100%|HS|  |TAMS 0x0000000085d00000, 0x0000000085c00000| Complete 
|  29|0x0000000085d00000, 0x0000000085e00000, 0x0000000085e00000|100%|HC|  |TAMS 0x0000000085e00000, 0x0000000085d00000| Complete 
|  30|0x0000000085e00000, 0x0000000085f00000, 0x0000000085f00000|100%|HC|  |TAMS 0x0000000085f00000, 0x0000000085e00000| Complete 
|  31|0x0000000085f00000, 0x0000000086000000, 0x0000000086000000|100%|HC|  |TAMS 0x0000000086000000, 0x0000000085f00000| Complete 
|  32|0x0000000086000000, 0x0000000086100000, 0x0000000086100000|100%|HC|  |TAMS 0x0000000086100000, 0x0000000086000000| Complete 
|  33|0x0000000086100000, 0x0000000086200000, 0x0000000086200000|100%|HC|  |TAMS 0x0000000086200000, 0x0000000086100000| Complete 
|  34|0x0000000086200000, 0x0000000086300000, 0x0000000086300000|100%|HC|  |TAMS 0x0000000086300000, 0x0000000086200000| Complete 
|  35|0x0000000086300000, 0x0000000086400000, 0x0000000086400000|100%|HC|  |TAMS 0x0000000086400000, 0x0000000086300000| Complete 
|  36|0x0000000086400000, 0x0000000086500000, 0x0000000086500000|100%|HC|  |TAMS 0x0000000086500000, 0x0000000086400000| Complete 
|  37|0x0000000086500000, 0x0000000086600000, 0x0000000086600000|100%|HC|  |TAMS 0x0000000086600000, 0x0000000086500000| Complete 
|  38|0x0000000086600000, 0x0000000086700000, 0x0000000086700000|100%| O|  |TAMS 0x0000000086700000, 0x0000000086600000| Untracked 
|  39|0x0000000086700000, 0x0000000086800000, 0x0000000086800000|100%| O|  |TAMS 0x0000000086800000, 0x0000000086700000| Untracked 
|  40|0x0000000086800000, 0x00000000868afe00, 0x0000000086900000| 68%| O|  |TAMS 0x00000000868afe00, 0x0000000086800000| Untracked 
|  41|0x0000000086900000, 0x0000000086a00000, 0x0000000086a00000|100%|HS|  |TAMS 0x0000000086a00000, 0x0000000086900000| Complete 
|  42|0x0000000086a00000, 0x0000000086b00000, 0x0000000086b00000|100%|HC|  |TAMS 0x0000000086b00000, 0x0000000086a00000| Complete 
|  43|0x0000000086b00000, 0x0000000086c00000, 0x0000000086c00000|100%|HC|  |TAMS 0x0000000086c00000, 0x0000000086b00000| Complete 
|  44|0x0000000086c00000, 0x0000000086d00000, 0x0000000086d00000|100%|HC|  |TAMS 0x0000000086d00000, 0x0000000086c00000| Complete 
|  45|0x0000000086d00000, 0x0000000086e00000, 0x0000000086e00000|100%|HC|  |TAMS 0x0000000086e00000, 0x0000000086d00000| Complete 
|  46|0x0000000086e00000, 0x0000000086f00000, 0x0000000086f00000|100%|HC|  |TAMS 0x0000000086f00000, 0x0000000086e00000| Complete 
|  47|0x0000000086f00000, 0x0000000087000000, 0x0000000087000000|100%|HC|  |TAMS 0x0000000087000000, 0x0000000086f00000| Complete 
|  48|0x0000000087000000, 0x0000000087100000, 0x0000000087100000|100%|HC|  |TAMS 0x0000000087100000, 0x0000000087000000| Complete 
|  49|0x0000000087100000, 0x0000000087200000, 0x0000000087200000|100%|HC|  |TAMS 0x0000000087200000, 0x0000000087100000| Complete 
|  50|0x0000000087200000, 0x0000000087300000, 0x0000000087300000|100%|HC|  |TAMS 0x0000000087300000, 0x0000000087200000| Complete 
|  51|0x0000000087300000, 0x0000000087400000, 0x0000000087400000|100%|HC|  |TAMS 0x0000000087400000, 0x0000000087300000| Complete 
|  52|0x0000000087400000, 0x0000000087500000, 0x0000000087500000|100%|HS|  |TAMS 0x0000000087500000, 0x0000000087400000| Complete 
|  53|0x0000000087500000, 0x0000000087600000, 0x0000000087600000|100%|HC|  |TAMS 0x0000000087600000, 0x0000000087500000| Complete 
|  54|0x0000000087600000, 0x0000000087700000, 0x0000000087700000|100%|HC|  |TAMS 0x0000000087700000, 0x0000000087600000| Complete 
|  55|0x0000000087700000, 0x0000000087800000, 0x0000000087800000|100%|HC|  |TAMS 0x0000000087800000, 0x0000000087700000| Complete 
|  56|0x0000000087800000, 0x0000000087900000, 0x0000000087900000|100%|HC|  |TAMS 0x0000000087900000, 0x0000000087800000| Complete 
|  57|0x0000000087900000, 0x0000000087a00000, 0x0000000087a00000|100%|HC|  |TAMS 0x0000000087a00000, 0x0000000087900000| Complete 
|  58|0x0000000087a00000, 0x0000000087b00000, 0x0000000087b00000|100%|HC|  |TAMS 0x0000000087b00000, 0x0000000087a00000| Complete 
|  59|0x0000000087b00000, 0x0000000087c00000, 0x0000000087c00000|100%|HC|  |TAMS 0x0000000087c00000, 0x0000000087b00000| Complete 
|  60|0x0000000087c00000, 0x0000000087d00000, 0x0000000087d00000|100%|HC|  |TAMS 0x0000000087d00000, 0x0000000087c00000| Complete 
|  61|0x0000000087d00000, 0x0000000087e00000, 0x0000000087e00000|100%|HC|  |TAMS 0x0000000087e00000, 0x0000000087d00000| Complete 
|  62|0x0000000087e00000, 0x0000000087f00000, 0x0000000087f00000|100%|HC|  |TAMS 0x0000000087f00000, 0x0000000087e00000| Complete 
|  63|0x0000000087f00000, 0x0000000088000000, 0x0000000088000000|100%|HS|  |TAMS 0x0000000088000000, 0x0000000087f00000| Complete 
|  64|0x0000000088000000, 0x0000000088100000, 0x0000000088100000|100%|HC|  |TAMS 0x0000000088100000, 0x0000000088000000| Complete 
|  65|0x0000000088100000, 0x0000000088200000, 0x0000000088200000|100%|HC|  |TAMS 0x0000000088200000, 0x0000000088100000| Complete 
|  66|0x0000000088200000, 0x0000000088300000, 0x0000000088300000|100%|HC|  |TAMS 0x0000000088300000, 0x0000000088200000| Complete 
|  67|0x0000000088300000, 0x0000000088400000, 0x0000000088400000|100%|HC|  |TAMS 0x0000000088400000, 0x0000000088300000| Complete 
|  68|0x0000000088400000, 0x0000000088500000, 0x0000000088500000|100%|HC|  |TAMS 0x0000000088500000, 0x0000000088400000| Complete 
|  69|0x0000000088500000, 0x0000000088600000, 0x0000000088600000|100%|HC|  |TAMS 0x0000000088600000, 0x0000000088500000| Complete 
|  70|0x0000000088600000, 0x0000000088700000, 0x0000000088700000|100%|HC|  |TAMS 0x0000000088700000, 0x0000000088600000| Complete 
|  71|0x0000000088700000, 0x0000000088800000, 0x0000000088800000|100%|HC|  |TAMS 0x0000000088800000, 0x0000000088700000| Complete 
|  72|0x0000000088800000, 0x0000000088900000, 0x0000000088900000|100%|HC|  |TAMS 0x0000000088900000, 0x0000000088800000| Complete 
|  73|0x0000000088900000, 0x0000000088a00000, 0x0000000088a00000|100%|HS|  |TAMS 0x0000000088900000, 0x0000000088900000| Complete 
|  74|0x0000000088a00000, 0x0000000088b00000, 0x0000000088b00000|100%|HC|  |TAMS 0x0000000088a00000, 0x0000000088a00000| Complete 
|  75|0x0000000088b00000, 0x0000000088c00000, 0x0000000088c00000|100%|HC|  |TAMS 0x0000000088b00000, 0x0000000088b00000| Complete 
|  76|0x0000000088c00000, 0x0000000088d00000, 0x0000000088d00000|100%|HC|  |TAMS 0x0000000088c00000, 0x0000000088c00000| Complete 
|  77|0x0000000088d00000, 0x0000000088e00000, 0x0000000088e00000|100%|HC|  |TAMS 0x0000000088d00000, 0x0000000088d00000| Complete 
|  78|0x0000000088e00000, 0x0000000088f00000, 0x0000000088f00000|100%|HC|  |TAMS 0x0000000088e00000, 0x0000000088e00000| Complete 
|  79|0x0000000088f00000, 0x0000000089000000, 0x0000000089000000|100%|HC|  |TAMS 0x0000000088f00000, 0x0000000088f00000| Complete 
|  80|0x0000000089000000, 0x0000000089100000, 0x0000000089100000|100%|HC|  |TAMS 0x0000000089000000, 0x0000000089000000| Complete 
|  81|0x0000000089100000, 0x0000000089200000, 0x0000000089200000|100%|HC|  |TAMS 0x0000000089100000, 0x0000000089100000| Complete 
|  82|0x0000000089200000, 0x0000000089300000, 0x0000000089300000|100%|HC|  |TAMS 0x0000000089200000, 0x0000000089200000| Complete 
|  83|0x0000000089300000, 0x0000000089300000, 0x0000000089400000|  0%| F|  |TAMS 0x0000000089300000, 0x0000000089300000| Untracked 
|  84|0x0000000089400000, 0x0000000089400000, 0x0000000089500000|  0%| F|  |TAMS 0x0000000089400000, 0x0000000089400000| Untracked 
|  85|0x0000000089500000, 0x0000000089500000, 0x0000000089600000|  0%| F|  |TAMS 0x0000000089500000, 0x0000000089500000| Untracked 
|  86|0x0000000089600000, 0x0000000089600000, 0x0000000089700000|  0%| F|  |TAMS 0x0000000089600000, 0x0000000089600000| Untracked 
|  87|0x0000000089700000, 0x0000000089700000, 0x0000000089800000|  0%| F|  |TAMS 0x0000000089700000, 0x0000000089700000| Untracked 
|  88|0x0000000089800000, 0x0000000089800000, 0x0000000089900000|  0%| F|  |TAMS 0x0000000089800000, 0x0000000089800000| Untracked 
|  89|0x0000000089900000, 0x0000000089900000, 0x0000000089a00000|  0%| F|  |TAMS 0x0000000089900000, 0x0000000089900000| Untracked 
|  90|0x0000000089a00000, 0x0000000089a00000, 0x0000000089b00000|  0%| F|  |TAMS 0x0000000089a00000, 0x0000000089a00000| Untracked 
|  91|0x0000000089b00000, 0x0000000089b00000, 0x0000000089c00000|  0%| F|  |TAMS 0x0000000089b00000, 0x0000000089b00000| Untracked 
|  92|0x0000000089c00000, 0x0000000089c00000, 0x0000000089d00000|  0%| F|  |TAMS 0x0000000089c00000, 0x0000000089c00000| Untracked 
|  93|0x0000000089d00000, 0x0000000089d00000, 0x0000000089e00000|  0%| F|  |TAMS 0x0000000089d00000, 0x0000000089d00000| Untracked 
|  94|0x0000000089e00000, 0x0000000089e00000, 0x0000000089f00000|  0%| F|  |TAMS 0x0000000089e00000, 0x0000000089e00000| Untracked 
|  95|0x0000000089f00000, 0x0000000089f00000, 0x000000008a000000|  0%| F|  |TAMS 0x0000000089f00000, 0x0000000089f00000| Untracked 
|  96|0x000000008a000000, 0x000000008a000000, 0x000000008a100000|  0%| F|  |TAMS 0x000000008a000000, 0x000000008a000000| Untracked 
|  97|0x000000008a100000, 0x000000008a100000, 0x000000008a200000|  0%| F|  |TAMS 0x000000008a100000, 0x000000008a100000| Untracked 
|  98|0x000000008a200000, 0x000000008a200000, 0x000000008a300000|  0%| F|  |TAMS 0x000000008a200000, 0x000000008a200000| Untracked 
|  99|0x000000008a300000, 0x000000008a300000, 0x000000008a400000|  0%| F|  |TAMS 0x000000008a300000, 0x000000008a300000| Untracked 
| 100|0x000000008a400000, 0x000000008a400000, 0x000000008a500000|  0%| F|  |TAMS 0x000000008a400000, 0x000000008a400000| Untracked 
| 101|0x000000008a500000, 0x000000008a500000, 0x000000008a600000|  0%| F|  |TAMS 0x000000008a500000, 0x000000008a500000| Untracked 
| 102|0x000000008a600000, 0x000000008a600000, 0x000000008a700000|  0%| F|  |TAMS 0x000000008a600000, 0x000000008a600000| Untracked 
| 103|0x000000008a700000, 0x000000008a700000, 0x000000008a800000|  0%| F|  |TAMS 0x000000008a700000, 0x000000008a700000| Untracked 
| 104|0x000000008a800000, 0x000000008a800000, 0x000000008a900000|  0%| F|  |TAMS 0x000000008a800000, 0x000000008a800000| Untracked 
| 105|0x000000008a900000, 0x000000008a900000, 0x000000008aa00000|  0%| F|  |TAMS 0x000000008a900000, 0x000000008a900000| Untracked 
| 106|0x000000008aa00000, 0x000000008aa00000, 0x000000008ab00000|  0%| F|  |TAMS 0x000000008aa00000, 0x000000008aa00000| Untracked 
| 107|0x000000008ab00000, 0x000000008ab00000, 0x000000008ac00000|  0%| F|  |TAMS 0x000000008ab00000, 0x000000008ab00000| Untracked 
| 108|0x000000008ac00000, 0x000000008ac00000, 0x000000008ad00000|  0%| F|  |TAMS 0x000000008ac00000, 0x000000008ac00000| Untracked 
| 109|0x000000008ad00000, 0x000000008ad00000, 0x000000008ae00000|  0%| F|  |TAMS 0x000000008ad00000, 0x000000008ad00000| Untracked 
| 110|0x000000008ae00000, 0x000000008ae00000, 0x000000008af00000|  0%| F|  |TAMS 0x000000008ae00000, 0x000000008ae00000| Untracked 
| 111|0x000000008af00000, 0x000000008af00000, 0x000000008b000000|  0%| F|  |TAMS 0x000000008af00000, 0x000000008af00000| Untracked 
| 112|0x000000008b000000, 0x000000008b000000, 0x000000008b100000|  0%| F|  |TAMS 0x000000008b000000, 0x000000008b000000| Untracked 
| 113|0x000000008b100000, 0x000000008b100000, 0x000000008b200000|  0%| F|  |TAMS 0x000000008b100000, 0x000000008b100000| Untracked 
| 114|0x000000008b200000, 0x000000008b200000, 0x000000008b300000|  0%| F|  |TAMS 0x000000008b200000, 0x000000008b200000| Untracked 
| 115|0x000000008b300000, 0x000000008b300000, 0x000000008b400000|  0%| F|  |TAMS 0x000000008b300000, 0x000000008b300000| Untracked 
| 116|0x000000008b400000, 0x000000008b400000, 0x000000008b500000|  0%| F|  |TAMS 0x000000008b400000, 0x000000008b400000| Untracked 
| 117|0x000000008b500000, 0x000000008b500000, 0x000000008b600000|  0%| F|  |TAMS 0x000000008b500000, 0x000000008b500000| Untracked 
| 118|0x000000008b600000, 0x000000008b600000, 0x000000008b700000|  0%| F|  |TAMS 0x000000008b600000, 0x000000008b600000| Untracked 
| 119|0x000000008b700000, 0x000000008b700000, 0x000000008b800000|  0%| F|  |TAMS 0x000000008b700000, 0x000000008b700000| Untracked 
| 120|0x000000008b800000, 0x000000008b900000, 0x000000008b900000|100%|HS|  |TAMS 0x000000008b900000, 0x000000008b800000| Complete 
| 121|0x000000008b900000, 0x000000008ba00000, 0x000000008ba00000|100%|HC|  |TAMS 0x000000008ba00000, 0x000000008b900000| Complete 
| 122|0x000000008ba00000, 0x000000008bb00000, 0x000000008bb00000|100%|HC|  |TAMS 0x000000008bb00000, 0x000000008ba00000| Complete 
| 123|0x000000008bb00000, 0x000000008bc00000, 0x000000008bc00000|100%|HC|  |TAMS 0x000000008bc00000, 0x000000008bb00000| Complete 
| 124|0x000000008bc00000, 0x000000008bd00000, 0x000000008bd00000|100%|HC|  |TAMS 0x000000008bd00000, 0x000000008bc00000| Complete 
| 125|0x000000008bd00000, 0x000000008be00000, 0x000000008be00000|100%|HC|  |TAMS 0x000000008be00000, 0x000000008bd00000| Complete 
| 126|0x000000008be00000, 0x000000008bf00000, 0x000000008bf00000|100%|HC|  |TAMS 0x000000008bf00000, 0x000000008be00000| Complete 
| 127|0x000000008bf00000, 0x000000008c000000, 0x000000008c000000|100%|HC|  |TAMS 0x000000008c000000, 0x000000008bf00000| Complete 
| 128|0x000000008c000000, 0x000000008c100000, 0x000000008c100000|100%|HC|  |TAMS 0x000000008c100000, 0x000000008c000000| Complete 
| 129|0x000000008c100000, 0x000000008c200000, 0x000000008c200000|100%|HC|  |TAMS 0x000000008c200000, 0x000000008c100000| Complete 
| 130|0x000000008c200000, 0x000000008c300000, 0x000000008c300000|100%|HC|  |TAMS 0x000000008c300000, 0x000000008c200000| Complete 
| 131|0x000000008c300000, 0x000000008c400000, 0x000000008c400000|100%|HC|  |TAMS 0x000000008c400000, 0x000000008c300000| Complete 
| 132|0x000000008c400000, 0x000000008c500000, 0x000000008c500000|100%|HC|  |TAMS 0x000000008c500000, 0x000000008c400000| Complete 
| 133|0x000000008c500000, 0x000000008c600000, 0x000000008c600000|100%|HC|  |TAMS 0x000000008c600000, 0x000000008c500000| Complete 
| 134|0x000000008c600000, 0x000000008c700000, 0x000000008c700000|100%|HC|  |TAMS 0x000000008c700000, 0x000000008c600000| Complete 
| 135|0x000000008c700000, 0x000000008c800000, 0x000000008c800000|100%|HC|  |TAMS 0x000000008c800000, 0x000000008c700000| Complete 
| 136|0x000000008c800000, 0x000000008c900000, 0x000000008c900000|100%|HC|  |TAMS 0x000000008c900000, 0x000000008c800000| Complete 
| 137|0x000000008c900000, 0x000000008ca00000, 0x000000008ca00000|100%|HC|  |TAMS 0x000000008ca00000, 0x000000008c900000| Complete 
| 138|0x000000008ca00000, 0x000000008cb00000, 0x000000008cb00000|100%|HC|  |TAMS 0x000000008cb00000, 0x000000008ca00000| Complete 
| 139|0x000000008cb00000, 0x000000008cc00000, 0x000000008cc00000|100%|HC|  |TAMS 0x000000008cc00000, 0x000000008cb00000| Complete 
| 140|0x000000008cc00000, 0x000000008cd00000, 0x000000008cd00000|100%|HC|  |TAMS 0x000000008cd00000, 0x000000008cc00000| Complete 
| 141|0x000000008cd00000, 0x000000008ce00000, 0x000000008ce00000|100%|HC|  |TAMS 0x000000008ce00000, 0x000000008cd00000| Complete 
| 142|0x000000008ce00000, 0x000000008cf00000, 0x000000008cf00000|100%|HC|  |TAMS 0x000000008cf00000, 0x000000008ce00000| Complete 
| 143|0x000000008cf00000, 0x000000008d000000, 0x000000008d000000|100%|HC|  |TAMS 0x000000008d000000, 0x000000008cf00000| Complete 
| 144|0x000000008d000000, 0x000000008d100000, 0x000000008d100000|100%|HC|  |TAMS 0x000000008d100000, 0x000000008d000000| Complete 
| 145|0x000000008d100000, 0x000000008d200000, 0x000000008d200000|100%|HC|  |TAMS 0x000000008d200000, 0x000000008d100000| Complete 
| 146|0x000000008d200000, 0x000000008d300000, 0x000000008d300000|100%|HC|  |TAMS 0x000000008d300000, 0x000000008d200000| Complete 
| 147|0x000000008d300000, 0x000000008d400000, 0x000000008d400000|100%|HC|  |TAMS 0x000000008d400000, 0x000000008d300000| Complete 
| 148|0x000000008d400000, 0x000000008d500000, 0x000000008d500000|100%|HC|  |TAMS 0x000000008d500000, 0x000000008d400000| Complete 
| 149|0x000000008d500000, 0x000000008d600000, 0x000000008d600000|100%|HC|  |TAMS 0x000000008d600000, 0x000000008d500000| Complete 
| 150|0x000000008d600000, 0x000000008d700000, 0x000000008d700000|100%|HC|  |TAMS 0x000000008d700000, 0x000000008d600000| Complete 
| 151|0x000000008d700000, 0x000000008d800000, 0x000000008d800000|100%|HC|  |TAMS 0x000000008d800000, 0x000000008d700000| Complete 
| 152|0x000000008d800000, 0x000000008d900000, 0x000000008d900000|100%|HC|  |TAMS 0x000000008d900000, 0x000000008d800000| Complete 
| 153|0x000000008d900000, 0x000000008da00000, 0x000000008da00000|100%|HC|  |TAMS 0x000000008da00000, 0x000000008d900000| Complete 
| 154|0x000000008da00000, 0x000000008db00000, 0x000000008db00000|100%|HC|  |TAMS 0x000000008db00000, 0x000000008da00000| Complete 
| 155|0x000000008db00000, 0x000000008dc00000, 0x000000008dc00000|100%|HC|  |TAMS 0x000000008dc00000, 0x000000008db00000| Complete 
| 156|0x000000008dc00000, 0x000000008dd00000, 0x000000008dd00000|100%|HC|  |TAMS 0x000000008dd00000, 0x000000008dc00000| Complete 
| 157|0x000000008dd00000, 0x000000008de00000, 0x000000008de00000|100%|HC|  |TAMS 0x000000008de00000, 0x000000008dd00000| Complete 
| 158|0x000000008de00000, 0x000000008df00000, 0x000000008df00000|100%|HC|  |TAMS 0x000000008df00000, 0x000000008de00000| Complete 
| 159|0x000000008df00000, 0x000000008e000000, 0x000000008e000000|100%|HC|  |TAMS 0x000000008e000000, 0x000000008df00000| Complete 
| 160|0x000000008e000000, 0x000000008e100000, 0x000000008e100000|100%|HC|  |TAMS 0x000000008e100000, 0x000000008e000000| Complete 
| 161|0x000000008e100000, 0x000000008e200000, 0x000000008e200000|100%|HC|  |TAMS 0x000000008e200000, 0x000000008e100000| Complete 
| 162|0x000000008e200000, 0x000000008e300000, 0x000000008e300000|100%|HC|  |TAMS 0x000000008e300000, 0x000000008e200000| Complete 
| 163|0x000000008e300000, 0x000000008e400000, 0x000000008e400000|100%|HC|  |TAMS 0x000000008e400000, 0x000000008e300000| Complete 
| 164|0x000000008e400000, 0x000000008e500000, 0x000000008e500000|100%|HC|  |TAMS 0x000000008e500000, 0x000000008e400000| Complete 
| 165|0x000000008e500000, 0x000000008e600000, 0x000000008e600000|100%|HC|  |TAMS 0x000000008e600000, 0x000000008e500000| Complete 
| 166|0x000000008e600000, 0x000000008e700000, 0x000000008e700000|100%|HC|  |TAMS 0x000000008e700000, 0x000000008e600000| Complete 
| 167|0x000000008e700000, 0x000000008e800000, 0x000000008e800000|100%|HC|  |TAMS 0x000000008e800000, 0x000000008e700000| Complete 
| 168|0x000000008e800000, 0x000000008e900000, 0x000000008e900000|100%|HC|  |TAMS 0x000000008e900000, 0x000000008e800000| Complete 
| 169|0x000000008e900000, 0x000000008ea00000, 0x000000008ea00000|100%|HC|  |TAMS 0x000000008ea00000, 0x000000008e900000| Complete 
| 170|0x000000008ea00000, 0x000000008eb00000, 0x000000008eb00000|100%|HC|  |TAMS 0x000000008eb00000, 0x000000008ea00000| Complete 
| 171|0x000000008eb00000, 0x000000008ec00000, 0x000000008ec00000|100%|HC|  |TAMS 0x000000008ec00000, 0x000000008eb00000| Complete 
| 172|0x000000008ec00000, 0x000000008ed00000, 0x000000008ed00000|100%|HC|  |TAMS 0x000000008ed00000, 0x000000008ec00000| Complete 
| 173|0x000000008ed00000, 0x000000008ee00000, 0x000000008ee00000|100%|HC|  |TAMS 0x000000008ee00000, 0x000000008ed00000| Complete 
| 174|0x000000008ee00000, 0x000000008ef00000, 0x000000008ef00000|100%|HC|  |TAMS 0x000000008ef00000, 0x000000008ee00000| Complete 
| 175|0x000000008ef00000, 0x000000008f000000, 0x000000008f000000|100%|HC|  |TAMS 0x000000008f000000, 0x000000008ef00000| Complete 
| 176|0x000000008f000000, 0x000000008f100000, 0x000000008f100000|100%|HC|  |TAMS 0x000000008f100000, 0x000000008f000000| Complete 
| 177|0x000000008f100000, 0x000000008f200000, 0x000000008f200000|100%|HC|  |TAMS 0x000000008f200000, 0x000000008f100000| Complete 
| 178|0x000000008f200000, 0x000000008f300000, 0x000000008f300000|100%|HC|  |TAMS 0x000000008f300000, 0x000000008f200000| Complete 
| 179|0x000000008f300000, 0x000000008f400000, 0x000000008f400000|100%|HC|  |TAMS 0x000000008f400000, 0x000000008f300000| Complete 
| 180|0x000000008f400000, 0x000000008f500000, 0x000000008f500000|100%|HC|  |TAMS 0x000000008f500000, 0x000000008f400000| Complete 
| 181|0x000000008f500000, 0x000000008f600000, 0x000000008f600000|100%|HC|  |TAMS 0x000000008f600000, 0x000000008f500000| Complete 
| 182|0x000000008f600000, 0x000000008f700000, 0x000000008f700000|100%|HC|  |TAMS 0x000000008f700000, 0x000000008f600000| Complete 
| 183|0x000000008f700000, 0x000000008f800000, 0x000000008f800000|100%|HC|  |TAMS 0x000000008f800000, 0x000000008f700000| Complete 
| 184|0x000000008f800000, 0x000000008f900000, 0x000000008f900000|100%|HC|  |TAMS 0x000000008f900000, 0x000000008f800000| Complete 
| 185|0x000000008f900000, 0x000000008fa00000, 0x000000008fa00000|100%|HC|  |TAMS 0x000000008fa00000, 0x000000008f900000| Complete 
| 186|0x000000008fa00000, 0x000000008fb00000, 0x000000008fb00000|100%|HC|  |TAMS 0x000000008fb00000, 0x000000008fa00000| Complete 
| 187|0x000000008fb00000, 0x000000008fc00000, 0x000000008fc00000|100%|HC|  |TAMS 0x000000008fc00000, 0x000000008fb00000| Complete 
| 188|0x000000008fc00000, 0x000000008fd00000, 0x000000008fd00000|100%|HC|  |TAMS 0x000000008fd00000, 0x000000008fc00000| Complete 
| 189|0x000000008fd00000, 0x000000008fe00000, 0x000000008fe00000|100%|HC|  |TAMS 0x000000008fe00000, 0x000000008fd00000| Complete 
| 190|0x000000008fe00000, 0x000000008ff00000, 0x000000008ff00000|100%|HC|  |TAMS 0x000000008ff00000, 0x000000008fe00000| Complete 
| 191|0x000000008ff00000, 0x0000000090000000, 0x0000000090000000|100%|HC|  |TAMS 0x0000000090000000, 0x000000008ff00000| Complete 
| 192|0x0000000090000000, 0x0000000090100000, 0x0000000090100000|100%|HC|  |TAMS 0x0000000090100000, 0x0000000090000000| Complete 
| 193|0x0000000090100000, 0x0000000090200000, 0x0000000090200000|100%|HC|  |TAMS 0x0000000090200000, 0x0000000090100000| Complete 
| 194|0x0000000090200000, 0x0000000090300000, 0x0000000090300000|100%|HC|  |TAMS 0x0000000090300000, 0x0000000090200000| Complete 
| 195|0x0000000090300000, 0x0000000090400000, 0x0000000090400000|100%|HC|  |TAMS 0x0000000090400000, 0x0000000090300000| Complete 
| 196|0x0000000090400000, 0x0000000090500000, 0x0000000090500000|100%|HC|  |TAMS 0x0000000090500000, 0x0000000090400000| Complete 
| 197|0x0000000090500000, 0x0000000090600000, 0x0000000090600000|100%|HC|  |TAMS 0x0000000090600000, 0x0000000090500000| Complete 
| 198|0x0000000090600000, 0x0000000090700000, 0x0000000090700000|100%|HC|  |TAMS 0x0000000090700000, 0x0000000090600000| Complete 
| 199|0x0000000090700000, 0x0000000090800000, 0x0000000090800000|100%|HC|  |TAMS 0x0000000090800000, 0x0000000090700000| Complete 
| 200|0x0000000090800000, 0x0000000090900000, 0x0000000090900000|100%|HC|  |TAMS 0x0000000090900000, 0x0000000090800000| Complete 
| 201|0x0000000090900000, 0x0000000090a00000, 0x0000000090a00000|100%|HC|  |TAMS 0x0000000090a00000, 0x0000000090900000| Complete 
| 202|0x0000000090a00000, 0x0000000090b00000, 0x0000000090b00000|100%|HC|  |TAMS 0x0000000090b00000, 0x0000000090a00000| Complete 
| 203|0x0000000090b00000, 0x0000000090c00000, 0x0000000090c00000|100%|HC|  |TAMS 0x0000000090c00000, 0x0000000090b00000| Complete 
| 204|0x0000000090c00000, 0x0000000090d00000, 0x0000000090d00000|100%|HC|  |TAMS 0x0000000090d00000, 0x0000000090c00000| Complete 
| 205|0x0000000090d00000, 0x0000000090e00000, 0x0000000090e00000|100%|HC|  |TAMS 0x0000000090e00000, 0x0000000090d00000| Complete 
| 206|0x0000000090e00000, 0x0000000090f00000, 0x0000000090f00000|100%|HC|  |TAMS 0x0000000090f00000, 0x0000000090e00000| Complete 
| 207|0x0000000090f00000, 0x0000000091000000, 0x0000000091000000|100%|HC|  |TAMS 0x0000000091000000, 0x0000000090f00000| Complete 
| 208|0x0000000091000000, 0x0000000091100000, 0x0000000091100000|100%|HC|  |TAMS 0x0000000091100000, 0x0000000091000000| Complete 
| 209|0x0000000091100000, 0x0000000091200000, 0x0000000091200000|100%|HC|  |TAMS 0x0000000091200000, 0x0000000091100000| Complete 
| 210|0x0000000091200000, 0x0000000091300000, 0x0000000091300000|100%|HC|  |TAMS 0x0000000091300000, 0x0000000091200000| Complete 
| 211|0x0000000091300000, 0x0000000091400000, 0x0000000091400000|100%|HC|  |TAMS 0x0000000091400000, 0x0000000091300000| Complete 
| 212|0x0000000091400000, 0x0000000091500000, 0x0000000091500000|100%|HC|  |TAMS 0x0000000091500000, 0x0000000091400000| Complete 
| 213|0x0000000091500000, 0x0000000091600000, 0x0000000091600000|100%|HC|  |TAMS 0x0000000091600000, 0x0000000091500000| Complete 
| 214|0x0000000091600000, 0x0000000091700000, 0x0000000091700000|100%|HC|  |TAMS 0x0000000091700000, 0x0000000091600000| Complete 
| 215|0x0000000091700000, 0x0000000091800000, 0x0000000091800000|100%|HC|  |TAMS 0x0000000091800000, 0x0000000091700000| Complete 
| 216|0x0000000091800000, 0x0000000091900000, 0x0000000091900000|100%|HC|  |TAMS 0x0000000091900000, 0x0000000091800000| Complete 
| 217|0x0000000091900000, 0x0000000091a00000, 0x0000000091a00000|100%|HC|  |TAMS 0x0000000091a00000, 0x0000000091900000| Complete 
| 218|0x0000000091a00000, 0x0000000091b00000, 0x0000000091b00000|100%|HC|  |TAMS 0x0000000091b00000, 0x0000000091a00000| Complete 
| 219|0x0000000091b00000, 0x0000000091c00000, 0x0000000091c00000|100%|HC|  |TAMS 0x0000000091c00000, 0x0000000091b00000| Complete 
| 220|0x0000000091c00000, 0x0000000091d00000, 0x0000000091d00000|100%|HC|  |TAMS 0x0000000091d00000, 0x0000000091c00000| Complete 
| 221|0x0000000091d00000, 0x0000000091e00000, 0x0000000091e00000|100%|HC|  |TAMS 0x0000000091e00000, 0x0000000091d00000| Complete 
| 222|0x0000000091e00000, 0x0000000091f00000, 0x0000000091f00000|100%|HC|  |TAMS 0x0000000091f00000, 0x0000000091e00000| Complete 
| 223|0x0000000091f00000, 0x0000000092000000, 0x0000000092000000|100%|HC|  |TAMS 0x0000000092000000, 0x0000000091f00000| Complete 
| 224|0x0000000092000000, 0x0000000092100000, 0x0000000092100000|100%|HC|  |TAMS 0x0000000092100000, 0x0000000092000000| Complete 
| 225|0x0000000092100000, 0x0000000092200000, 0x0000000092200000|100%|HC|  |TAMS 0x0000000092200000, 0x0000000092100000| Complete 
| 226|0x0000000092200000, 0x0000000092300000, 0x0000000092300000|100%|HC|  |TAMS 0x0000000092300000, 0x0000000092200000| Complete 
| 227|0x0000000092300000, 0x0000000092400000, 0x0000000092400000|100%|HC|  |TAMS 0x0000000092400000, 0x0000000092300000| Complete 
| 228|0x0000000092400000, 0x0000000092500000, 0x0000000092500000|100%|HC|  |TAMS 0x0000000092500000, 0x0000000092400000| Complete 
| 229|0x0000000092500000, 0x0000000092500000, 0x0000000092600000|  0%| F|  |TAMS 0x0000000092500000, 0x0000000092500000| Untracked 
| 230|0x0000000092600000, 0x0000000092600000, 0x0000000092700000|  0%| F|  |TAMS 0x0000000092600000, 0x0000000092600000| Untracked 
| 231|0x0000000092700000, 0x0000000092700000, 0x0000000092800000|  0%| F|  |TAMS 0x0000000092700000, 0x0000000092700000| Untracked 
| 232|0x0000000092800000, 0x0000000092800000, 0x0000000092900000|  0%| F|  |TAMS 0x0000000092800000, 0x0000000092800000| Untracked 
| 233|0x0000000092900000, 0x0000000092900000, 0x0000000092a00000|  0%| F|  |TAMS 0x0000000092900000, 0x0000000092900000| Untracked 
| 234|0x0000000092a00000, 0x0000000092a00000, 0x0000000092b00000|  0%| F|  |TAMS 0x0000000092a00000, 0x0000000092a00000| Untracked 
| 235|0x0000000092b00000, 0x0000000092b00000, 0x0000000092c00000|  0%| F|  |TAMS 0x0000000092b00000, 0x0000000092b00000| Untracked 
| 236|0x0000000092c00000, 0x0000000092c00000, 0x0000000092d00000|  0%| F|  |TAMS 0x0000000092c00000, 0x0000000092c00000| Untracked 
| 237|0x0000000092d00000, 0x0000000092d00000, 0x0000000092e00000|  0%| F|  |TAMS 0x0000000092d00000, 0x0000000092d00000| Untracked 
| 238|0x0000000092e00000, 0x0000000092e00000, 0x0000000092f00000|  0%| F|  |TAMS 0x0000000092e00000, 0x0000000092e00000| Untracked 
| 239|0x0000000092f00000, 0x0000000092f00000, 0x0000000093000000|  0%| F|  |TAMS 0x0000000092f00000, 0x0000000092f00000| Untracked 
| 240|0x0000000093000000, 0x0000000093000000, 0x0000000093100000|  0%| F|  |TAMS 0x0000000093000000, 0x0000000093000000| Untracked 
| 241|0x0000000093100000, 0x0000000093100000, 0x0000000093200000|  0%| F|  |TAMS 0x0000000093100000, 0x0000000093100000| Untracked 
| 242|0x0000000093200000, 0x0000000093200000, 0x0000000093300000|  0%| F|  |TAMS 0x0000000093200000, 0x0000000093200000| Untracked 
| 243|0x0000000093300000, 0x0000000093300000, 0x0000000093400000|  0%| F|  |TAMS 0x0000000093300000, 0x0000000093300000| Untracked 
| 244|0x0000000093400000, 0x0000000093400000, 0x0000000093500000|  0%| F|  |TAMS 0x0000000093400000, 0x0000000093400000| Untracked 
| 245|0x0000000093500000, 0x0000000093500000, 0x0000000093600000|  0%| F|  |TAMS 0x0000000093500000, 0x0000000093500000| Untracked 
| 246|0x0000000093600000, 0x0000000093600000, 0x0000000093700000|  0%| F|  |TAMS 0x0000000093600000, 0x0000000093600000| Untracked 
| 247|0x0000000093700000, 0x0000000093700000, 0x0000000093800000|  0%| F|  |TAMS 0x0000000093700000, 0x0000000093700000| Untracked 
| 248|0x0000000093800000, 0x0000000093800000, 0x0000000093900000|  0%| F|  |TAMS 0x0000000093800000, 0x0000000093800000| Untracked 
| 249|0x0000000093900000, 0x0000000093900000, 0x0000000093a00000|  0%| F|  |TAMS 0x0000000093900000, 0x0000000093900000| Untracked 
| 250|0x0000000093a00000, 0x0000000093a00000, 0x0000000093b00000|  0%| F|  |TAMS 0x0000000093a00000, 0x0000000093a00000| Untracked 
| 251|0x0000000093b00000, 0x0000000093b00000, 0x0000000093c00000|  0%| F|  |TAMS 0x0000000093b00000, 0x0000000093b00000| Untracked 
| 252|0x0000000093c00000, 0x0000000093c00000, 0x0000000093d00000|  0%| F|  |TAMS 0x0000000093c00000, 0x0000000093c00000| Untracked 
| 253|0x0000000093d00000, 0x0000000093d00000, 0x0000000093e00000|  0%| F|  |TAMS 0x0000000093d00000, 0x0000000093d00000| Untracked 
| 254|0x0000000093e00000, 0x0000000093e00000, 0x0000000093f00000|  0%| F|  |TAMS 0x0000000093e00000, 0x0000000093e00000| Untracked 
| 255|0x0000000093f00000, 0x0000000093f00000, 0x0000000094000000|  0%| F|  |TAMS 0x0000000093f00000, 0x0000000093f00000| Untracked 
| 256|0x0000000094000000, 0x0000000094000000, 0x0000000094100000|  0%| F|  |TAMS 0x0000000094000000, 0x0000000094000000| Untracked 
| 257|0x0000000094100000, 0x0000000094100000, 0x0000000094200000|  0%| F|  |TAMS 0x0000000094100000, 0x0000000094100000| Untracked 
| 258|0x0000000094200000, 0x0000000094200000, 0x0000000094300000|  0%| F|  |TAMS 0x0000000094200000, 0x0000000094200000| Untracked 
| 259|0x0000000094300000, 0x0000000094300000, 0x0000000094400000|  0%| F|  |TAMS 0x0000000094300000, 0x0000000094300000| Untracked 
| 260|0x0000000094400000, 0x0000000094400000, 0x0000000094500000|  0%| F|  |TAMS 0x0000000094400000, 0x0000000094400000| Untracked 
| 261|0x0000000094500000, 0x0000000094500000, 0x0000000094600000|  0%| F|  |TAMS 0x0000000094500000, 0x0000000094500000| Untracked 
| 262|0x0000000094600000, 0x0000000094600000, 0x0000000094700000|  0%| F|  |TAMS 0x0000000094600000, 0x0000000094600000| Untracked 
| 263|0x0000000094700000, 0x0000000094700000, 0x0000000094800000|  0%| F|  |TAMS 0x0000000094700000, 0x0000000094700000| Untracked 
| 264|0x0000000094800000, 0x0000000094800000, 0x0000000094900000|  0%| F|  |TAMS 0x0000000094800000, 0x0000000094800000| Untracked 
| 265|0x0000000094900000, 0x0000000094900000, 0x0000000094a00000|  0%| F|  |TAMS 0x0000000094900000, 0x0000000094900000| Untracked 
| 266|0x0000000094a00000, 0x0000000094a00000, 0x0000000094b00000|  0%| F|  |TAMS 0x0000000094a00000, 0x0000000094a00000| Untracked 
| 267|0x0000000094b00000, 0x0000000094b00000, 0x0000000094c00000|  0%| F|  |TAMS 0x0000000094b00000, 0x0000000094b00000| Untracked 
| 268|0x0000000094c00000, 0x0000000094c00000, 0x0000000094d00000|  0%| F|  |TAMS 0x0000000094c00000, 0x0000000094c00000| Untracked 
| 269|0x0000000094d00000, 0x0000000094d00000, 0x0000000094e00000|  0%| F|  |TAMS 0x0000000094d00000, 0x0000000094d00000| Untracked 
| 270|0x0000000094e00000, 0x0000000094e00000, 0x0000000094f00000|  0%| F|  |TAMS 0x0000000094e00000, 0x0000000094e00000| Untracked 
| 271|0x0000000094f00000, 0x0000000094f00000, 0x0000000095000000|  0%| F|  |TAMS 0x0000000094f00000, 0x0000000094f00000| Untracked 
| 272|0x0000000095000000, 0x0000000095000000, 0x0000000095100000|  0%| F|  |TAMS 0x0000000095000000, 0x0000000095000000| Untracked 
| 273|0x0000000095100000, 0x0000000095100000, 0x0000000095200000|  0%| F|  |TAMS 0x0000000095100000, 0x0000000095100000| Untracked 
| 274|0x0000000095200000, 0x0000000095200000, 0x0000000095300000|  0%| F|  |TAMS 0x0000000095200000, 0x0000000095200000| Untracked 
| 275|0x0000000095300000, 0x0000000095300000, 0x0000000095400000|  0%| F|  |TAMS 0x0000000095300000, 0x0000000095300000| Untracked 
| 276|0x0000000095400000, 0x0000000095400000, 0x0000000095500000|  0%| F|  |TAMS 0x0000000095400000, 0x0000000095400000| Untracked 
| 277|0x0000000095500000, 0x0000000095500000, 0x0000000095600000|  0%| F|  |TAMS 0x0000000095500000, 0x0000000095500000| Untracked 
| 278|0x0000000095600000, 0x0000000095600000, 0x0000000095700000|  0%| F|  |TAMS 0x0000000095600000, 0x0000000095600000| Untracked 
| 279|0x0000000095700000, 0x0000000095700000, 0x0000000095800000|  0%| F|  |TAMS 0x0000000095700000, 0x0000000095700000| Untracked 
| 280|0x0000000095800000, 0x0000000095800000, 0x0000000095900000|  0%| F|  |TAMS 0x0000000095800000, 0x0000000095800000| Untracked 
| 281|0x0000000095900000, 0x0000000095900000, 0x0000000095a00000|  0%| F|  |TAMS 0x0000000095900000, 0x0000000095900000| Untracked 
| 282|0x0000000095a00000, 0x0000000095a00000, 0x0000000095b00000|  0%| F|  |TAMS 0x0000000095a00000, 0x0000000095a00000| Untracked 
| 283|0x0000000095b00000, 0x0000000095b00000, 0x0000000095c00000|  0%| F|  |TAMS 0x0000000095b00000, 0x0000000095b00000| Untracked 
| 284|0x0000000095c00000, 0x0000000095c00000, 0x0000000095d00000|  0%| F|  |TAMS 0x0000000095c00000, 0x0000000095c00000| Untracked 
| 285|0x0000000095d00000, 0x0000000095d00000, 0x0000000095e00000|  0%| F|  |TAMS 0x0000000095d00000, 0x0000000095d00000| Untracked 
| 286|0x0000000095e00000, 0x0000000095f00000, 0x0000000095f00000|100%| E|  |TAMS 0x0000000095e00000, 0x0000000095e00000| Complete 
| 287|0x0000000095f00000, 0x0000000096000000, 0x0000000096000000|100%| E|CS|TAMS 0x0000000095f00000, 0x0000000095f00000| Complete 
| 288|0x0000000096000000, 0x0000000096100000, 0x0000000096100000|100%| E|CS|TAMS 0x0000000096000000, 0x0000000096000000| Complete 
| 289|0x0000000096100000, 0x0000000096200000, 0x0000000096200000|100%| E|CS|TAMS 0x0000000096100000, 0x0000000096100000| Complete 
| 290|0x0000000096200000, 0x0000000096300000, 0x0000000096300000|100%| E|CS|TAMS 0x0000000096200000, 0x0000000096200000| Complete 
| 291|0x0000000096300000, 0x0000000096400000, 0x0000000096400000|100%| E|CS|TAMS 0x0000000096300000, 0x0000000096300000| Complete 
| 292|0x0000000096400000, 0x0000000096500000, 0x0000000096500000|100%| E|CS|TAMS 0x0000000096400000, 0x0000000096400000| Complete 
| 293|0x0000000096500000, 0x0000000096600000, 0x0000000096600000|100%| E|CS|TAMS 0x0000000096500000, 0x0000000096500000| Complete 
| 294|0x0000000096600000, 0x0000000096700000, 0x0000000096700000|100%| E|CS|TAMS 0x0000000096600000, 0x0000000096600000| Complete 
| 295|0x0000000096700000, 0x0000000096800000, 0x0000000096800000|100%| E|CS|TAMS 0x0000000096700000, 0x0000000096700000| Complete 
| 296|0x0000000096800000, 0x0000000096900000, 0x0000000096900000|100%| E|CS|TAMS 0x0000000096800000, 0x0000000096800000| Complete 
| 297|0x0000000096900000, 0x0000000096a00000, 0x0000000096a00000|100%| E|CS|TAMS 0x0000000096900000, 0x0000000096900000| Complete 
| 298|0x0000000096a00000, 0x0000000096b00000, 0x0000000096b00000|100%| E|CS|TAMS 0x0000000096a00000, 0x0000000096a00000| Complete 
| 299|0x0000000096b00000, 0x0000000096c00000, 0x0000000096c00000|100%| E|CS|TAMS 0x0000000096b00000, 0x0000000096b00000| Complete 
| 300|0x0000000096c00000, 0x0000000096d00000, 0x0000000096d00000|100%| E|CS|TAMS 0x0000000096c00000, 0x0000000096c00000| Complete 
| 301|0x0000000096d00000, 0x0000000096e00000, 0x0000000096e00000|100%| E|CS|TAMS 0x0000000096d00000, 0x0000000096d00000| Complete 
| 302|0x0000000096e00000, 0x0000000096f00000, 0x0000000096f00000|100%| E|CS|TAMS 0x0000000096e00000, 0x0000000096e00000| Complete 
| 303|0x0000000096f00000, 0x0000000096fa8220, 0x0000000097000000| 65%| S|CS|TAMS 0x0000000096f00000, 0x0000000096f00000| Complete 
| 304|0x0000000097000000, 0x0000000097100000, 0x0000000097100000|100%| E|CS|TAMS 0x0000000097000000, 0x0000000097000000| Complete 
| 305|0x0000000097100000, 0x0000000097200000, 0x0000000097200000|100%| E|CS|TAMS 0x0000000097100000, 0x0000000097100000| Complete 
| 306|0x0000000097200000, 0x0000000097300000, 0x0000000097300000|100%| E|CS|TAMS 0x0000000097200000, 0x0000000097200000| Complete 
| 307|0x0000000097300000, 0x0000000097400000, 0x0000000097400000|100%| E|CS|TAMS 0x0000000097300000, 0x0000000097300000| Complete 
| 308|0x0000000097400000, 0x0000000097500000, 0x0000000097500000|100%| E|CS|TAMS 0x0000000097400000, 0x0000000097400000| Complete 
| 309|0x0000000097500000, 0x0000000097600000, 0x0000000097600000|100%| E|CS|TAMS 0x0000000097500000, 0x0000000097500000| Complete 
| 310|0x0000000097600000, 0x0000000097700000, 0x0000000097700000|100%| E|CS|TAMS 0x0000000097600000, 0x0000000097600000| Complete 
| 311|0x0000000097700000, 0x0000000097800000, 0x0000000097800000|100%| E|CS|TAMS 0x0000000097700000, 0x0000000097700000| Complete 
| 312|0x0000000097800000, 0x0000000097900000, 0x0000000097900000|100%| E|CS|TAMS 0x0000000097800000, 0x0000000097800000| Complete 
| 313|0x0000000097900000, 0x0000000097a00000, 0x0000000097a00000|100%| E|CS|TAMS 0x0000000097900000, 0x0000000097900000| Complete 
| 314|0x0000000097a00000, 0x0000000097b00000, 0x0000000097b00000|100%| E|CS|TAMS 0x0000000097a00000, 0x0000000097a00000| Complete 
| 315|0x0000000097b00000, 0x0000000097c00000, 0x0000000097c00000|100%| E|CS|TAMS 0x0000000097b00000, 0x0000000097b00000| Complete 
| 316|0x0000000097c00000, 0x0000000097d00000, 0x0000000097d00000|100%| E|CS|TAMS 0x0000000097c00000, 0x0000000097c00000| Complete 
| 317|0x0000000097d00000, 0x0000000097e00000, 0x0000000097e00000|100%| E|CS|TAMS 0x0000000097d00000, 0x0000000097d00000| Complete 
| 318|0x0000000097e00000, 0x0000000097f00000, 0x0000000097f00000|100%| E|CS|TAMS 0x0000000097e00000, 0x0000000097e00000| Complete 
| 319|0x0000000097f00000, 0x0000000098000000, 0x0000000098000000|100%| E|CS|TAMS 0x0000000097f00000, 0x0000000097f00000| Complete 
| 320|0x0000000098000000, 0x0000000098100000, 0x0000000098100000|100%| E|CS|TAMS 0x0000000098000000, 0x0000000098000000| Complete 
| 321|0x0000000098100000, 0x0000000098200000, 0x0000000098200000|100%| E|CS|TAMS 0x0000000098100000, 0x0000000098100000| Complete 

Card table byte_map: [0x000001ee8f000000,0x000001ee8f3e0000] _byte_map_base: 0x000001ee8ebe0000

Marking Bits (Prev, Next): (CMBitMap*) 0x000001eef7ec1c10, (CMBitMap*) 0x000001eef7ec1c50
 Prev Bits: [0x000001ee8f7c0000, 0x000001ee916c0000)
 Next Bits: [0x000001ee916c0000, 0x000001ee935c0000)

Polling page: 0x000001eef7660000

Metaspace:

Usage:
  Non-class:      8.13 MB used.
      Class:      1.10 MB used.
       Both:      9.24 MB used.

Virtual space:
  Non-class space:       16.00 MB reserved,       8.25 MB ( 52%) committed,  2 nodes.
      Class space:        1.00 GB reserved,       1.19 MB ( <1%) committed,  1 nodes.
              Both:        1.02 GB reserved,       9.44 MB ( <1%) committed. 

Chunk freelists:
   Non-Class:  2.48 MB
       Class:  2.82 MB
        Both:  5.31 MB

MaxMetaspaceSize: 17179869184.00 GB
CompressedClassSpaceSize: 1.00 GB
 - commit_granule_bytes: 65536.
 - commit_granule_words: 8192.
 - virtual_space_node_default_size: 1048576.
 - enlarge_chunks_in_place: 1.
 - new_chunks_are_fully_committed: 0.
 - uncommit_free_chunks: 1.
 - use_allocation_guard: 0.
 - handle_deallocations: 1.


Internal statistics:

num_allocs_failed_limit: 0.
num_arena_births: 122.
num_arena_deaths: 4.
num_vsnodes_births: 3.
num_vsnodes_deaths: 0.
num_space_committed: 151.
num_space_uncommitted: 0.
num_chunks_returned_to_freelist: 5.
num_chunks_taken_from_freelist: 421.
num_chunk_merges: 0.
num_chunk_splits: 284.
num_chunks_enlarged: 221.
num_purges: 2.

CodeHeap 'non-profiled nmethods': size=120000Kb used=1180Kb max_used=1180Kb free=118819Kb
 bounds [0x000001ee87ad0000, 0x000001ee87d40000, 0x000001ee8f000000]
CodeHeap 'profiled nmethods': size=120000Kb used=3878Kb max_used=3878Kb free=116122Kb
 bounds [0x000001ee805a0000, 0x000001ee80970000, 0x000001ee87ad0000]
CodeHeap 'non-nmethods': size=5760Kb used=1349Kb max_used=1386Kb free=4410Kb
 bounds [0x000001ee80000000, 0x000001ee80270000, 0x000001ee805a0000]
 total_blobs=2958 nmethods=2274 adapters=596
 compilation: enabled
              stopped_count=0, restarted_count=0
 full_count=0

Compilation events (20 events):
Event: 12.044 Thread 0x000001ee96219740 nmethod 2271 0x000001ee87bf0190 code [0x000001ee87bf0320, 0x000001ee87bf0418]
Event: 12.054 Thread 0x000001ee962230b0 2272       3       com.sun.javafx.sg.prism.NGGroup::needsBlending (15 bytes)
Event: 12.055 Thread 0x000001ee962230b0 nmethod 2272 0x000001ee80969490 code [0x000001ee80969620, 0x000001ee80969798]
Event: 12.060 Thread 0x000001ee96219740 2273  s    4       com.sun.prism.Image$Serial::getIdRect (37 bytes)
Event: 12.068 Thread 0x000001ee96219740 nmethod 2273 0x000001ee87bf0590 code [0x000001ee87bf0720, 0x000001ee87bf0bf8]
Event: 12.072 Thread 0x000001ee96219740 2274       4       java.util.WeakHashMap::get (75 bytes)
Event: 12.091 Thread 0x000001ee96219740 nmethod 2274 0x000001ee87bf0d90 code [0x000001ee87bf0f40, 0x000001ee87bf17c8]
Event: 12.107 Thread 0x000001ee96219740 2275       4       com.sun.prism.impl.BaseGraphics::setTransform3D (34 bytes)
Event: 12.117 Thread 0x000001ee96219740 nmethod 2275 0x000001ee87bf1b90 code [0x000001ee87bf1de0, 0x000001ee87bf2428]
Event: 12.117 Thread 0x000001ee96219740 2276       4       com.sun.javafx.geom.transform.Affine3D::setTransform (75 bytes)
Event: 12.122 Thread 0x000001ee96219740 nmethod 2276 0x000001ee87bf2890 code [0x000001ee87bf2ae0, 0x000001ee87bf3078]
Event: 12.269 Thread 0x000001ee96219740 2277       4       com.sun.prism.image.CachingCompoundImage::getTile (23 bytes)
Event: 12.271 Thread 0x000001ee96219740 nmethod 2277 0x000001ee87bf3310 code [0x000001ee87bf34a0, 0x000001ee87bf3608]
Event: 12.529 Thread 0x000001ee96219740 2278       4       java.util.concurrent.locks.AbstractQueuedSynchronizer$ConditionObject::doSignal (54 bytes)
Event: 12.539 Thread 0x000001ee96219740 nmethod 2278 0x000001ee87bf3790 code [0x000001ee87bf3920, 0x000001ee87bf3f18]
Event: 12.560 Thread 0x000001ee96219740 2279       4       com.sun.prism.image.CompoundCoords::find2 (36 bytes)
Event: 12.562 Thread 0x000001ee96219740 nmethod 2279 0x000001ee87bf4190 code [0x000001ee87bf4320, 0x000001ee87bf4498]
Event: 12.887 Thread 0x000001ee96219740 2280       4       com.sun.prism.impl.BaseResourceFactory::getCachedTexture (531 bytes)
Event: 12.967 Thread 0x000001ee96219740 nmethod 2280 0x000001ee87bf4610 code [0x000001ee87bf4860, 0x000001ee87bf6050]
Event: 12.967 Thread 0x000001ee96219740 2281       4       com.sun.javafx.sg.prism.NGNode::doRender (473 bytes)

GC Heap History (12 events):
Event: 1.224 GC heap before
{Heap before GC invocations=0 (full 0):
 garbage-first heap   total 126976K, used 22528K [0x0000000084000000, 0x0000000100000000)
  region size 1024K, 23 young (23552K), 0 survivors (0K)
 Metaspace       used 5819K, committed 6016K, reserved 1056768K
  class space    used 723K, committed 832K, reserved 1048576K
}
Event: 1.228 GC heap after
{Heap after GC invocations=1 (full 0):
 garbage-first heap   total 126976K, used 2778K [0x0000000084000000, 0x0000000100000000)
  region size 1024K, 3 young (3072K), 3 survivors (3072K)
 Metaspace       used 5819K, committed 6016K, reserved 1056768K
  class space    used 723K, committed 832K, reserved 1048576K
}
Event: 1.729 GC heap before
{Heap before GC invocations=1 (full 0):
 garbage-first heap   total 126976K, used 44762K [0x0000000084000000, 0x0000000100000000)
  region size 1024K, 7 young (7168K), 3 survivors (3072K)
 Metaspace       used 6688K, committed 6912K, reserved 1056768K
  class space    used 853K, committed 960K, reserved 1048576K
}
Event: 1.734 GC heap after
{Heap after GC invocations=2 (full 0):
 garbage-first heap   total 126976K, used 42377K [0x0000000084000000, 0x0000000100000000)
  region size 1024K, 1 young (1024K), 1 survivors (1024K)
 Metaspace       used 6688K, committed 6912K, reserved 1056768K
  class space    used 853K, committed 960K, reserved 1048576K
}
Event: 2.234 GC heap before
{Heap before GC invocations=2 (full 0):
 garbage-first heap   total 234496K, used 153993K [0x0000000084000000, 0x0000000100000000)
  region size 1024K, 2 young (2048K), 1 survivors (1024K)
 Metaspace       used 6703K, committed 6912K, reserved 1056768K
  class space    used 855K, committed 960K, reserved 1048576K
}
Event: 2.236 GC heap after
{Heap after GC invocations=3 (full 0):
 garbage-first heap   total 234496K, used 153950K [0x0000000084000000, 0x0000000100000000)
  region size 1024K, 1 young (1024K), 1 survivors (1024K)
 Metaspace       used 6703K, committed 6912K, reserved 1056768K
  class space    used 855K, committed 960K, reserved 1048576K
}
Event: 2.284 GC heap before
{Heap before GC invocations=4 (full 0):
 garbage-first heap   total 276480K, used 165214K [0x0000000084000000, 0x0000000100000000)
  region size 1024K, 2 young (2048K), 1 survivors (1024K)
 Metaspace       used 6699K, committed 6912K, reserved 1056768K
  class space    used 854K, committed 960K, reserved 1048576K
}
Event: 2.286 GC heap after
{Heap after GC invocations=5 (full 0):
 garbage-first heap   total 276480K, used 165216K [0x0000000084000000, 0x0000000100000000)
  region size 1024K, 1 young (1024K), 1 survivors (1024K)
 Metaspace       used 6699K, committed 6912K, reserved 1056768K
  class space    used 854K, committed 960K, reserved 1048576K
}
Event: 2.336 GC heap before
{Heap before GC invocations=6 (full 0):
 garbage-first heap   total 295936K, used 176480K [0x0000000084000000, 0x0000000100000000)
  region size 1024K, 2 young (2048K), 1 survivors (1024K)
 Metaspace       used 6700K, committed 6912K, reserved 1056768K
  class space    used 854K, committed 960K, reserved 1048576K
}
Event: 2.338 GC heap after
{Heap after GC invocations=7 (full 0):
 garbage-first heap   total 295936K, used 176479K [0x0000000084000000, 0x0000000100000000)
  region size 1024K, 1 young (1024K), 1 survivors (1024K)
 Metaspace       used 6700K, committed 6912K, reserved 1056768K
  class space    used 854K, committed 960K, reserved 1048576K
}
Event: 2.381 GC heap before
{Heap before GC invocations=8 (full 0):
 garbage-first heap   total 312320K, used 186719K [0x0000000084000000, 0x0000000100000000)
  region size 1024K, 2 young (2048K), 1 survivors (1024K)
 Metaspace       used 6700K, committed 6912K, reserved 1056768K
  class space    used 854K, committed 960K, reserved 1048576K
}
Event: 2.382 GC heap after
{Heap after GC invocations=9 (full 0):
 garbage-first heap   total 312320K, used 186720K [0x0000000084000000, 0x0000000100000000)
  region size 1024K, 1 young (1024K), 1 survivors (1024K)
 Metaspace       used 6700K, committed 6912K, reserved 1056768K
  class space    used 854K, committed 960K, reserved 1048576K
}

Deoptimization events (20 events):
Event: 9.474 Thread 0x000001ee9714fd60 Uncommon trap: trap_request=0xffffff5c fr.pc=0x000001ee87be5930 relative=0x0000000000000dd0
Event: 9.474 Thread 0x000001ee9714fd60 Uncommon trap: reason=speculate_null_check action=make_not_entrant pc=0x000001ee87be5930 method=java.util.concurrent.locks.AbstractQueuedSynchronizer.acquire(Ljava/util/concurrent/locks/AbstractQueuedSynchronizer$Node;IZZZJ)I @ 254 c2
Event: 9.474 Thread 0x000001ee9714fd60 DEOPT PACKING pc=0x000001ee87be5930 sp=0x000000ddc6ffe2e0
Event: 9.474 Thread 0x000001ee9714fd60 DEOPT UNPACKING pc=0x000001ee8004d72e sp=0x000000ddc6ffe270 mode 2
Event: 9.881 Thread 0x000001ee9714fd60 Uncommon trap: trap_request=0xffffff45 fr.pc=0x000001ee87bd9bd8 relative=0x0000000000001338
Event: 9.881 Thread 0x000001ee9714fd60 Uncommon trap: reason=unstable_if action=reinterpret pc=0x000001ee87bd9bd8 method=javafx.scene.Parent.updateCachedBounds(Ljava/util/List;I)Z @ 472 c2
Event: 9.881 Thread 0x000001ee9714fd60 DEOPT PACKING pc=0x000001ee87bd9bd8 sp=0x000000ddc6ffdf80
Event: 9.881 Thread 0x000001ee9714fd60 DEOPT UNPACKING pc=0x000001ee8004d72e sp=0x000000ddc6ffdf20 mode 2
Event: 11.900 Thread 0x000001ee96ffb6b0 Uncommon trap: trap_request=0xffffff45 fr.pc=0x000001ee87bae434 relative=0x0000000000000854
Event: 11.900 Thread 0x000001ee96ffb6b0 Uncommon trap: reason=unstable_if action=reinterpret pc=0x000001ee87bae434 method=com.sun.prism.impl.BaseResourceFactory.getCachedTexture(Lcom/sun/prism/Image;Lcom/sun/prism/Texture$WrapMode;Z)Lcom/sun/prism/Texture; @ 341 c2
Event: 11.915 Thread 0x000001ee96ffb6b0 DEOPT PACKING pc=0x000001ee87bae434 sp=0x000000ddc6afe220
Event: 11.915 Thread 0x000001ee96ffb6b0 DEOPT UNPACKING pc=0x000001ee8004d72e sp=0x000000ddc6afe1d0 mode 2
Event: 11.915 Thread 0x000001ee96ffb6b0 Uncommon trap: trap_request=0xffffff45 fr.pc=0x000001ee87bbd11c relative=0x000000000000413c
Event: 11.916 Thread 0x000001ee96ffb6b0 Uncommon trap: reason=unstable_if action=reinterpret pc=0x000001ee87bbd11c method=com.sun.javafx.sg.prism.NGImageView.renderContent(Lcom/sun/prism/Graphics;)V @ 142 c2
Event: 11.916 Thread 0x000001ee96ffb6b0 DEOPT PACKING pc=0x000001ee87bbd11c sp=0x000000ddc6afe2c0
Event: 11.916 Thread 0x000001ee96ffb6b0 DEOPT UNPACKING pc=0x000001ee8004d72e sp=0x000000ddc6afe200 mode 2
Event: 11.916 Thread 0x000001ee96ffb6b0 Uncommon trap: trap_request=0xffffff45 fr.pc=0x000001ee87be7ec0 relative=0x00000000000000a0
Event: 11.916 Thread 0x000001ee96ffb6b0 Uncommon trap: reason=unstable_if action=reinterpret pc=0x000001ee87be7ec0 method=com.sun.prism.impl.BaseResourcePool.cleanup(J)Z @ 11 c2
Event: 11.916 Thread 0x000001ee96ffb6b0 DEOPT PACKING pc=0x000001ee87be7ec0 sp=0x000000ddc6afdf80
Event: 11.916 Thread 0x000001ee96ffb6b0 DEOPT UNPACKING pc=0x000001ee8004d72e sp=0x000000ddc6afdec8 mode 2

Classes unloaded (2 events):
Event: 2.242 Thread 0x000001ee961fd540 Unloading class 0x0000000800c03c00 'java/lang/invoke/LambdaForm$DMH+0x0000000800c03c00'
Event: 2.242 Thread 0x000001ee961fd540 Unloading class 0x0000000800c03400 'java/lang/invoke/LambdaForm$DMH+0x0000000800c03400'

Classes redefined (0 events):
No events

Internal exceptions (20 events):
Event: 5.162 Thread 0x000001ee96ffb6b0 Implicit null exception at 0x000001ee8080f48a to 0x000001ee8080fe93
Event: 5.163 Thread 0x000001ee96ffb6b0 Exception <a 'java/lang/NullPointerException'{0x000000009659c6c8}> (0x000000009659c6c8) 
thrown [t:\workspace\open\src\hotspot\share\runtime\sharedRuntime.cpp, line 624]
Event: 5.164 Thread 0x000001ee96ffb6b0 Implicit null exception at 0x000001ee8080f48a to 0x000001ee8080fe93
Event: 5.165 Thread 0x000001ee96ffb6b0 Exception <a 'java/lang/NullPointerException'{0x00000000965a19f8}> (0x00000000965a19f8) 
thrown [t:\workspace\open\src\hotspot\share\runtime\sharedRuntime.cpp, line 624]
Event: 5.166 Thread 0x000001ee96ffb6b0 Implicit null exception at 0x000001ee8080f48a to 0x000001ee8080fe93
Event: 5.166 Thread 0x000001ee96ffb6b0 Exception <a 'java/lang/NullPointerException'{0x00000000965a6d28}> (0x00000000965a6d28) 
thrown [t:\workspace\open\src\hotspot\share\runtime\sharedRuntime.cpp, line 624]
Event: 5.168 Thread 0x000001ee96ffb6b0 Implicit null exception at 0x000001ee8080f48a to 0x000001ee8080fe93
Event: 5.168 Thread 0x000001ee96ffb6b0 Exception <a 'java/lang/NullPointerException'{0x00000000965ac058}> (0x00000000965ac058) 
thrown [t:\workspace\open\src\hotspot\share\runtime\sharedRuntime.cpp, line 624]
Event: 5.170 Thread 0x000001ee96ffb6b0 Implicit null exception at 0x000001ee8080f48a to 0x000001ee8080fe93
Event: 5.171 Thread 0x000001ee96ffb6b0 Exception <a 'java/lang/NullPointerException'{0x00000000965b1388}> (0x00000000965b1388) 
thrown [t:\workspace\open\src\hotspot\share\runtime\sharedRuntime.cpp, line 624]
Event: 5.172 Thread 0x000001ee96ffb6b0 Implicit null exception at 0x000001ee8080f48a to 0x000001ee8080fe93
Event: 5.172 Thread 0x000001ee96ffb6b0 Exception <a 'java/lang/NullPointerException'{0x00000000965b66a0}> (0x00000000965b66a0) 
thrown [t:\workspace\open\src\hotspot\share\runtime\sharedRuntime.cpp, line 624]
Event: 5.174 Thread 0x000001ee96ffb6b0 Implicit null exception at 0x000001ee8080f48a to 0x000001ee8080fe93
Event: 5.174 Thread 0x000001ee96ffb6b0 Exception <a 'java/lang/NullPointerException'{0x00000000965bb9d0}> (0x00000000965bb9d0) 
thrown [t:\workspace\open\src\hotspot\share\runtime\sharedRuntime.cpp, line 624]
Event: 5.176 Thread 0x000001ee96ffb6b0 Implicit null exception at 0x000001ee8080f48a to 0x000001ee8080fe93
Event: 5.177 Thread 0x000001ee96ffb6b0 Exception <a 'java/lang/NullPointerException'{0x00000000965c0d00}> (0x00000000965c0d00) 
thrown [t:\workspace\open\src\hotspot\share\runtime\sharedRuntime.cpp, line 624]
Event: 5.178 Thread 0x000001ee96ffb6b0 Implicit null exception at 0x000001ee8080f48a to 0x000001ee8080fe93
Event: 5.178 Thread 0x000001ee96ffb6b0 Exception <a 'java/lang/NullPointerException'{0x00000000965c6030}> (0x00000000965c6030) 
thrown [t:\workspace\open\src\hotspot\share\runtime\sharedRuntime.cpp, line 624]
Event: 5.180 Thread 0x000001ee96ffb6b0 Implicit null exception at 0x000001ee8080f48a to 0x000001ee8080fe93
Event: 5.180 Thread 0x000001ee96ffb6b0 Exception <a 'java/lang/NullPointerException'{0x00000000965cb360}> (0x00000000965cb360) 
thrown [t:\workspace\open\src\hotspot\share\runtime\sharedRuntime.cpp, line 624]

Events (20 events):
Event: 2.712 loading class java/util/concurrent/ConcurrentLinkedQueue$Node
Event: 2.712 loading class java/util/concurrent/ConcurrentLinkedQueue$Node done
Event: 3.448 loading class java/lang/Throwable$WrappedPrintStream
Event: 3.448 loading class java/lang/Throwable$PrintStreamOrWriter
Event: 3.448 loading class java/lang/Throwable$PrintStreamOrWriter done
Event: 3.448 loading class java/lang/Throwable$WrappedPrintStream done
Event: 3.687 Executing  VM operation: Cleanup
Event: 3.687 Executing  VM operation: Cleanup done
Event: 4.180 loading class jdk/internal/access/foreign/MemorySegmentProxy
Event: 4.180 loading class jdk/internal/access/foreign/MemorySegmentProxy done
Event: 5.175 Executing  VM operation: ICBufferFull
Event: 5.175 Executing  VM operation: ICBufferFull done
Event: 7.175 Executing  VM operation: Cleanup
Event: 7.175 Executing  VM operation: Cleanup done
Event: 8.175 Executing  VM operation: Cleanup
Event: 8.176 Executing  VM operation: Cleanup done
Event: 10.176 Executing  VM operation: Cleanup
Event: 10.176 Executing  VM operation: Cleanup done
Event: 12.177 Executing  VM operation: Cleanup
Event: 12.177 Executing  VM operation: Cleanup done


Dynamic libraries:
0x00007ff6220c0000 - 0x00007ff6220d0000 	C:\Program Files\Java\jdk-16.0.2\bin\java.exe
0x00007ff992050000 - 0x00007ff992245000 	C:\WINDOWS\SYSTEM32\ntdll.dll
0x00007ff95ab00000 - 0x00007ff95ab16000 	C:\Program Files\AVG\Antivirus\aswhook.dll
0x00007ff990a60000 - 0x00007ff990b1e000 	C:\WINDOWS\System32\KERNEL32.DLL
0x00007ff98fa80000 - 0x00007ff98fd48000 	C:\WINDOWS\System32\KERNELBASE.dll
0x00007ff98fe50000 - 0x00007ff98ff50000 	C:\WINDOWS\System32\ucrtbase.dll
0x00007ff98b4b0000 - 0x00007ff98b4c9000 	C:\Program Files\Java\jdk-16.0.2\bin\VCRUNTIME140.dll
0x00007ff9898a0000 - 0x00007ff9898b8000 	C:\Program Files\Java\jdk-16.0.2\bin\jli.dll
0x00007ff990640000 - 0x00007ff9906ee000 	C:\WINDOWS\System32\ADVAPI32.dll
0x00007ff9914f0000 - 0x00007ff99158e000 	C:\WINDOWS\System32\msvcrt.dll
0x00007ff990e80000 - 0x00007ff990f1c000 	C:\WINDOWS\System32\sechost.dll
0x00007ff9900b0000 - 0x00007ff9901d5000 	C:\WINDOWS\System32\RPCRT4.dll
0x00007ff990390000 - 0x00007ff990530000 	C:\WINDOWS\System32\USER32.dll
0x00007ff98f8f0000 - 0x00007ff98f912000 	C:\WINDOWS\System32\win32u.dll
0x00007ff97be20000 - 0x00007ff97c0ba000 	C:\WINDOWS\WinSxS\amd64_microsoft.windows.common-controls_6595b64144ccf1df_6.0.19041.1110_none_60b5254171f9507e\COMCTL32.dll
0x00007ff991db0000 - 0x00007ff991ddb000 	C:\WINDOWS\System32\GDI32.dll
0x00007ff98ffa0000 - 0x00007ff9900ab000 	C:\WINDOWS\System32\gdi32full.dll
0x00007ff98f820000 - 0x00007ff98f8bd000 	C:\WINDOWS\System32\msvcp_win.dll
0x00007ff988540000 - 0x00007ff98854a000 	C:\WINDOWS\SYSTEM32\VERSION.dll
0x00007ff990300000 - 0x00007ff990330000 	C:\WINDOWS\System32\IMM32.DLL
0x00007ff98b5f0000 - 0x00007ff98b5fc000 	C:\Program Files\Java\jdk-16.0.2\bin\vcruntime140_1.dll
0x00007ff987b40000 - 0x00007ff987bd1000 	C:\Program Files\Java\jdk-16.0.2\bin\msvcp140.dll
0x00007ff940fa0000 - 0x00007ff941b4b000 	C:\Program Files\Java\jdk-16.0.2\bin\server\jvm.dll
0x00007ff9906f0000 - 0x00007ff9906f8000 	C:\WINDOWS\System32\PSAPI.DLL
0x00007ff9797a0000 - 0x00007ff9797c7000 	C:\WINDOWS\SYSTEM32\WINMM.dll
0x00007ff977640000 - 0x00007ff977649000 	C:\WINDOWS\SYSTEM32\WSOCK32.dll
0x00007ff990d40000 - 0x00007ff990dab000 	C:\WINDOWS\System32\WS2_32.dll
0x00007ff98d660000 - 0x00007ff98d672000 	C:\WINDOWS\SYSTEM32\kernel.appcore.dll
0x00007ff98b5c0000 - 0x00007ff98b5ca000 	C:\Program Files\Java\jdk-16.0.2\bin\jimage.dll
0x00007ff983b60000 - 0x00007ff983d44000 	C:\WINDOWS\SYSTEM32\DBGHELP.DLL
0x00007ff983f30000 - 0x00007ff983f5c000 	C:\WINDOWS\SYSTEM32\dbgcore.DLL
0x00007ff98fd50000 - 0x00007ff98fdd2000 	C:\WINDOWS\System32\bcryptPrimitives.dll
0x00007ff989680000 - 0x00007ff98968e000 	C:\Program Files\Java\jdk-16.0.2\bin\instrument.dll
0x00007ff989280000 - 0x00007ff9892a5000 	C:\Program Files\Java\jdk-16.0.2\bin\java.dll
0x00007ff991590000 - 0x00007ff991cd4000 	C:\WINDOWS\System32\SHELL32.dll
0x00007ff98d880000 - 0x00007ff98e014000 	C:\WINDOWS\SYSTEM32\windows.storage.dll
0x00007ff990700000 - 0x00007ff990a54000 	C:\WINDOWS\System32\combase.dll
0x00007ff98f1d0000 - 0x00007ff98f1fc000 	C:\WINDOWS\SYSTEM32\Wldp.dll
0x00007ff990dd0000 - 0x00007ff990e7d000 	C:\WINDOWS\System32\SHCORE.dll
0x00007ff9905e0000 - 0x00007ff990635000 	C:\WINDOWS\System32\shlwapi.dll
0x00007ff98f6b0000 - 0x00007ff98f6cf000 	C:\WINDOWS\SYSTEM32\profapi.dll
0x00007ff9896d0000 - 0x00007ff9896e9000 	C:\Program Files\Java\jdk-16.0.2\bin\net.dll
0x00007ff989e80000 - 0x00007ff989f89000 	C:\WINDOWS\SYSTEM32\WINHTTP.dll
0x00007ff98ef30000 - 0x00007ff98ef9a000 	C:\WINDOWS\system32\mswsock.dll
0x00007ff989130000 - 0x00007ff989143000 	C:\Program Files\Java\jdk-16.0.2\bin\nio.dll
0x00007ff988750000 - 0x00007ff988768000 	C:\Program Files\Java\jdk-16.0.2\bin\zip.dll
0x00007ff983e50000 - 0x00007ff983e6a000 	C:\Program Files\JetBrains\IntelliJ IDEA 2021.2.2\bin\breakgen64.dll
0x000001ee963c0000 - 0x000001ee963c3000 	C:\JavaFX\javafx-sdk-17.0.0.1\bin\api-ms-win-core-console-l1-1-0.dll
0x000001ee963d0000 - 0x000001ee963d3000 	C:\JavaFX\javafx-sdk-17.0.0.1\bin\api-ms-win-core-console-l1-2-0.dll
0x000001ee963e0000 - 0x000001ee963e3000 	C:\JavaFX\javafx-sdk-17.0.0.1\bin\api-ms-win-core-datetime-l1-1-0.dll
0x000001ee963f0000 - 0x000001ee963f3000 	C:\JavaFX\javafx-sdk-17.0.0.1\bin\api-ms-win-core-debug-l1-1-0.dll
0x000001ee97800000 - 0x000001ee97803000 	C:\JavaFX\javafx-sdk-17.0.0.1\bin\api-ms-win-core-errorhandling-l1-1-0.dll
0x000001ee97810000 - 0x000001ee97814000 	C:\JavaFX\javafx-sdk-17.0.0.1\bin\api-ms-win-core-file-l1-1-0.dll
0x000001ee97820000 - 0x000001ee97823000 	C:\JavaFX\javafx-sdk-17.0.0.1\bin\api-ms-win-core-file-l1-2-0.dll
0x000001ee97830000 - 0x000001ee97833000 	C:\JavaFX\javafx-sdk-17.0.0.1\bin\api-ms-win-core-file-l2-1-0.dll
0x000001ee97840000 - 0x000001ee97843000 	C:\JavaFX\javafx-sdk-17.0.0.1\bin\api-ms-win-core-handle-l1-1-0.dll
0x000001ee97850000 - 0x000001ee97853000 	C:\JavaFX\javafx-sdk-17.0.0.1\bin\api-ms-win-core-heap-l1-1-0.dll
0x000001ee97860000 - 0x000001ee97863000 	C:\JavaFX\javafx-sdk-17.0.0.1\bin\api-ms-win-core-interlocked-l1-1-0.dll
0x000001ee97870000 - 0x000001ee97873000 	C:\JavaFX\javafx-sdk-17.0.0.1\bin\api-ms-win-core-libraryloader-l1-1-0.dll
0x000001ee97880000 - 0x000001ee97883000 	C:\JavaFX\javafx-sdk-17.0.0.1\bin\api-ms-win-core-localization-l1-2-0.dll
0x000001ee97890000 - 0x000001ee97893000 	C:\JavaFX\javafx-sdk-17.0.0.1\bin\api-ms-win-core-memory-l1-1-0.dll
0x000001ee978a0000 - 0x000001ee978a3000 	C:\JavaFX\javafx-sdk-17.0.0.1\bin\api-ms-win-core-namedpipe-l1-1-0.dll
0x000001ee978b0000 - 0x000001ee978b3000 	C:\JavaFX\javafx-sdk-17.0.0.1\bin\api-ms-win-core-processenvironment-l1-1-0.dll
0x000001ee978c0000 - 0x000001ee978c3000 	C:\JavaFX\javafx-sdk-17.0.0.1\bin\api-ms-win-core-processthreads-l1-1-0.dll
0x000001ee978d0000 - 0x000001ee978d3000 	C:\JavaFX\javafx-sdk-17.0.0.1\bin\api-ms-win-core-processthreads-l1-1-1.dll
0x000001ee978e0000 - 0x000001ee978e3000 	C:\JavaFX\javafx-sdk-17.0.0.1\bin\api-ms-win-core-profile-l1-1-0.dll
0x000001ee978f0000 - 0x000001ee978f3000 	C:\JavaFX\javafx-sdk-17.0.0.1\bin\api-ms-win-core-rtlsupport-l1-1-0.dll
0x000001ee97900000 - 0x000001ee97903000 	C:\JavaFX\javafx-sdk-17.0.0.1\bin\api-ms-win-core-string-l1-1-0.dll
0x000001ee97910000 - 0x000001ee97913000 	C:\JavaFX\javafx-sdk-17.0.0.1\bin\api-ms-win-core-synch-l1-1-0.dll
0x000001ee97920000 - 0x000001ee97923000 	C:\JavaFX\javafx-sdk-17.0.0.1\bin\api-ms-win-core-synch-l1-2-0.dll
0x000001ee97930000 - 0x000001ee97933000 	C:\JavaFX\javafx-sdk-17.0.0.1\bin\api-ms-win-core-sysinfo-l1-1-0.dll
0x000001ee97940000 - 0x000001ee97943000 	C:\JavaFX\javafx-sdk-17.0.0.1\bin\api-ms-win-core-timezone-l1-1-0.dll
0x000001ee97950000 - 0x000001ee97953000 	C:\JavaFX\javafx-sdk-17.0.0.1\bin\api-ms-win-core-util-l1-1-0.dll
0x000001ee97960000 - 0x000001ee97963000 	C:\JavaFX\javafx-sdk-17.0.0.1\bin\api-ms-win-crt-conio-l1-1-0.dll
0x000001ee97970000 - 0x000001ee97974000 	C:\JavaFX\javafx-sdk-17.0.0.1\bin\api-ms-win-crt-convert-l1-1-0.dll
0x000001ee97980000 - 0x000001ee97983000 	C:\JavaFX\javafx-sdk-17.0.0.1\bin\api-ms-win-crt-environment-l1-1-0.dll
0x000001ee97990000 - 0x000001ee97993000 	C:\JavaFX\javafx-sdk-17.0.0.1\bin\api-ms-win-crt-filesystem-l1-1-0.dll
0x000001ee979a0000 - 0x000001ee979a3000 	C:\JavaFX\javafx-sdk-17.0.0.1\bin\api-ms-win-crt-heap-l1-1-0.dll
0x000001ee979b0000 - 0x000001ee979b3000 	C:\JavaFX\javafx-sdk-17.0.0.1\bin\api-ms-win-crt-locale-l1-1-0.dll
0x000001ee979c0000 - 0x000001ee979c5000 	C:\JavaFX\javafx-sdk-17.0.0.1\bin\api-ms-win-crt-math-l1-1-0.dll
0x000001ee979d0000 - 0x000001ee979d5000 	C:\JavaFX\javafx-sdk-17.0.0.1\bin\api-ms-win-crt-multibyte-l1-1-0.dll
0x000001ee979e0000 - 0x000001ee979f0000 	C:\JavaFX\javafx-sdk-17.0.0.1\bin\api-ms-win-crt-private-l1-1-0.dll
0x000001ee979f0000 - 0x000001ee979f3000 	C:\JavaFX\javafx-sdk-17.0.0.1\bin\api-ms-win-crt-process-l1-1-0.dll
0x000001ee97a00000 - 0x000001ee97a04000 	C:\JavaFX\javafx-sdk-17.0.0.1\bin\api-ms-win-crt-runtime-l1-1-0.dll
0x000001ee97a10000 - 0x000001ee97a14000 	C:\JavaFX\javafx-sdk-17.0.0.1\bin\api-ms-win-crt-stdio-l1-1-0.dll
0x000001ee97a20000 - 0x000001ee97a24000 	C:\JavaFX\javafx-sdk-17.0.0.1\bin\api-ms-win-crt-string-l1-1-0.dll
0x000001ee97a30000 - 0x000001ee97a33000 	C:\JavaFX\javafx-sdk-17.0.0.1\bin\api-ms-win-crt-time-l1-1-0.dll
0x000001ee97a40000 - 0x000001ee97a43000 	C:\JavaFX\javafx-sdk-17.0.0.1\bin\api-ms-win-crt-utility-l1-1-0.dll
0x00007ff9463f0000 - 0x00007ff9464ec000 	C:\JavaFX\javafx-sdk-17.0.0.1\bin\ucrtbase.dll
0x00007ff97afe0000 - 0x00007ff97affa000 	C:\JavaFX\javafx-sdk-17.0.0.1\bin\vcruntime140.dll
0x00007ff987b20000 - 0x00007ff987b2c000 	C:\JavaFX\javafx-sdk-17.0.0.1\bin\vcruntime140_1.dll
0x00007ff95f7a0000 - 0x00007ff95f82d000 	C:\JavaFX\javafx-sdk-17.0.0.1\bin\msvcp140.dll
0x00007ff97afb0000 - 0x00007ff97afda000 	C:\JavaFX\javafx-sdk-17.0.0.1\bin\prism_d3d.dll
0x00007ff97f090000 - 0x00007ff97f25f000 	C:\WINDOWS\system32\d3d9.dll
0x00007ff98d370000 - 0x00007ff98d39f000 	C:\WINDOWS\SYSTEM32\dwmapi.dll
0x00007ff98d100000 - 0x00007ff98d19e000 	C:\WINDOWS\system32\uxtheme.dll
0x00007ff946280000 - 0x00007ff9463e5000 	C:\WINDOWS\System32\DriverStore\FileRepository\iigd_dch.inf_amd64_7df576fcfa9adb45\igdumdim64.dll
0x00007ff990c10000 - 0x00007ff990d3a000 	C:\WINDOWS\System32\ole32.dll
0x00007ff903370000 - 0x00007ff906ffb000 	C:\WINDOWS\System32\DriverStore\FileRepository\iigd_dch.inf_amd64_7df576fcfa9adb45\igd9dxva64.dll
0x00007ff991ce0000 - 0x00007ff991dad000 	C:\WINDOWS\System32\OLEAUT32.dll
0x00007ff990f20000 - 0x00007ff991390000 	C:\WINDOWS\System32\SETUPAPI.dll
0x00007ff98ff50000 - 0x00007ff98ff9e000 	C:\WINDOWS\System32\cfgmgr32.dll
0x00007ff98f8c0000 - 0x00007ff98f8e7000 	C:\WINDOWS\System32\bcrypt.dll
0x00007ff9849a0000 - 0x00007ff984cd6000 	C:\WINDOWS\System32\DriverStore\FileRepository\iigd_dch.inf_amd64_7df576fcfa9adb45\igdgmm64.dll
0x00007ff965e40000 - 0x00007ff965e82000 	C:\JavaFX\javafx-sdk-17.0.0.1\bin\glass.dll
0x00007ff991390000 - 0x00007ff99146b000 	C:\WINDOWS\System32\COMDLG32.dll
0x00007ff9901e0000 - 0x00007ff9902f6000 	C:\WINDOWS\System32\MSCTF.dll
0x00007ff978e10000 - 0x00007ff978e37000 	C:\WINDOWS\System32\DriverStore\FileRepository\iigd_dch.inf_amd64_7df576fcfa9adb45\igdinfo64.dll
0x00007ff97f890000 - 0x00007ff98261f000 	C:\WINDOWS\System32\DriverStore\FileRepository\iigd_dch.inf_amd64_7df576fcfa9adb45\igc64.dll
0x00007ff985ea0000 - 0x00007ff985edb000 	C:\WINDOWS\SYSTEM32\dxcore.dll
0x00007ff97af90000 - 0x00007ff97afa4000 	C:\JavaFX\javafx-sdk-17.0.0.1\bin\javafx_font.dll
0x00007ff9779c0000 - 0x00007ff977c3f000 	C:\WINDOWS\SYSTEM32\dwrite.dll
0x00007ff990530000 - 0x00007ff9905d9000 	C:\WINDOWS\System32\clbcatq.dll
0x00007ff989430000 - 0x00007ff9895e4000 	C:\WINDOWS\SYSTEM32\WindowsCodecs.dll
0x00007ff979090000 - 0x00007ff9790ce000 	C:\WINDOWS\system32\dataexchange.dll
0x00007ff98c490000 - 0x00007ff98c675000 	C:\WINDOWS\system32\dcomp.dll
0x00007ff98bc60000 - 0x00007ff98bec4000 	C:\WINDOWS\system32\d3d11.dll
0x00007ff98e080000 - 0x00007ff98e173000 	C:\WINDOWS\system32\dxgi.dll
0x00007ff988ce0000 - 0x00007ff988ee1000 	C:\WINDOWS\system32\twinapi.appcore.dll
0x00007ff9879d0000 - 0x00007ff987a04000 	C:\Program Files\Common Files\Microsoft Shared\Ink\rtscom.dll
0x00007ff97b250000 - 0x00007ff97b349000 	C:\WINDOWS\SYSTEM32\textinputframework.dll
0x00007ff98c680000 - 0x00007ff98c9de000 	C:\WINDOWS\System32\CoreUIComponents.dll
0x00007ff98cd60000 - 0x00007ff98ce52000 	C:\WINDOWS\System32\CoreMessaging.dll
0x00007ff98e470000 - 0x00007ff98e4a3000 	C:\WINDOWS\SYSTEM32\ntmarta.dll
0x00007ff98b6a0000 - 0x00007ff98b7f4000 	C:\WINDOWS\SYSTEM32\wintypes.dll

dbghelp: loaded successfully - version: 4.0.5 - missing functions: none
symbol engine: initialized successfully - sym options: 0x614 - pdb path: .;C:\Program Files\Java\jdk-16.0.2\bin;C:\WINDOWS\SYSTEM32;C:\Program Files\AVG\Antivirus;C:\WINDOWS\WinSxS\amd64_microsoft.windows.common-controls_6595b64144ccf1df_6.0.19041.1110_none_60b5254171f9507e;C:\Program Files\Java\jdk-16.0.2\bin\server;C:\Program Files\JetBrains\IntelliJ IDEA 2021.2.2\bin;C:\JavaFX\javafx-sdk-17.0.0.1\bin;C:\WINDOWS\System32\DriverStore\FileRepository\iigd_dch.inf_amd64_7df576fcfa9adb45;C:\Program Files\Common Files\Microsoft Shared\Ink

VM Arguments:
jvm_args: --module-path=C:\JavaFX\javafx-sdk-17.0.0.1\lib --add-modules=javafx.controls -javaagent:C:\Program Files\JetBrains\IntelliJ IDEA 2021.2.2\lib\idea_rt.jar=52435:C:\Program Files\JetBrains\IntelliJ IDEA 2021.2.2\bin -Dfile.encoding=UTF-8 
java_command: Main
java_class_path (initial): C:\Users\Flix\Documents\Cours\ENSEA_2A\Projet\Java\out\production\Management;C:\JavaFX\javafx-sdk-17.0.0.1\lib\javafx-swt.jar;C:\JavaFX\javafx-sdk-17.0.0.1\lib\javafx.web.jar;C:\JavaFX\javafx-sdk-17.0.0.1\lib\javafx.base.jar;C:\JavaFX\javafx-sdk-17.0.0.1\lib\javafx.fxml.jar;C:\JavaFX\javafx-sdk-17.0.0.1\lib\javafx.media.jar;C:\JavaFX\javafx-sdk-17.0.0.1\lib\javafx.swing.jar;C:\JavaFX\javafx-sdk-17.0.0.1\lib\javafx.controls.jar;C:\JavaFX\javafx-sdk-17.0.0.1\lib\javafx.graphics.jar
Launcher Type: SUN_STANDARD

[Global flags]
     intx CICompilerCount                          = 4                                         {product} {ergonomic}
     uint ConcGCThreads                            = 3                                         {product} {ergonomic}
     uint G1ConcRefinementThreads                  = 10                                        {product} {ergonomic}
   size_t G1HeapRegionSize                         = 1048576                                   {product} {ergonomic}
    uintx GCDrainStackTargetSize                   = 64                                        {product} {ergonomic}
   size_t InitialHeapSize                          = 130023424                                 {product} {ergonomic}
   size_t MarkStackSize                            = 4194304                                   {product} {ergonomic}
   size_t MaxHeapSize                              = 2080374784                                {product} {ergonomic}
   size_t MaxNewSize                               = 1247805440                                {product} {ergonomic}
   size_t MinHeapDeltaBytes                        = 1048576                                   {product} {ergonomic}
   size_t MinHeapSize                              = 8388608                                   {product} {ergonomic}
    uintx NonNMethodCodeHeapSize                   = 5839372                                {pd product} {ergonomic}
    uintx NonProfiledCodeHeapSize                  = 122909434                              {pd product} {ergonomic}
    uintx ProfiledCodeHeapSize                     = 122909434                              {pd product} {ergonomic}
    uintx ReservedCodeCacheSize                    = 251658240                              {pd product} {ergonomic}
     bool SegmentedCodeCache                       = true                                      {product} {ergonomic}
   size_t SoftMaxHeapSize                          = 2080374784                             {manageable} {ergonomic}
     bool UseCompressedClassPointers               = true                           {product lp64_product} {ergonomic}
     bool UseCompressedOops                        = true                           {product lp64_product} {ergonomic}
     bool UseG1GC                                  = true                                      {product} {ergonomic}
     bool UseLargePagesIndividualAllocation        = false                                  {pd product} {ergonomic}

Logging:
Log output configuration:
 #0: stdout all=warning uptime,level,tags
 #1: stderr all=off uptime,level,tags

Environment Variables:
PATH=C:\ProgramData\Oracle\Java\javapath;C:\Program Files\Common Files\Oracle\Java\javapath;C:\Program Files\Intel\Intel(R) Management Engine Components\iCLS\;C:\Windows\system32;C:\Windows;C:\Windows\System32\Wbem;C:\Windows\System32\WindowsPowerShell\v1.0\;C:\Windows\System32\OpenSSH\;C:\Program Files (x86)\NVIDIA Corporation\PhysX\Common;C:\WINDOWS\system32;C:\WINDOWS;C:\WINDOWS\System32\Wbem;C:\WINDOWS\System32\WindowsPowerShell\v1.0\;C:\WINDOWS\System32\OpenSSH\;C:\Program Files (x86)\Intel\Intel(R) Management Engine Components\DAL;C:\Program Files\Intel\Intel(R) Management Engine Components\DAL;C:\Program Files\Git\cmd;C:\Cadence\SPB_16.6\openaccess\bin\win32\opt;C:\Cadence\SPB_16.6\tools\capture;C:\Cadence\SPB_16.6\tools\pspice;C:\Cadence\SPB_16.6\tools\specctra\bin;C:\Cadence\SPB_16.6\tools\fet\bin;C:\Cadence\SPB_16.6\tools\libutil\bin;C:\Cadence\SPB_16.6\tools\bin;C:\Cadence\SPB_16.6\tools\pcb\bin;C:\Users\Flix\AppData\Local\Microsoft\WindowsApps;C:\Users\Flix\AppData\Local\GitHubDesktop\bin
USERNAME=Flix
OS=Windows_NT
PROCESSOR_IDENTIFIER=Intel64 Family 6 Model 158 Stepping 10, GenuineIntel



---------------  S Y S T E M  ---------------

OS:
 Windows 10 , 64 bit Build 19041 (10.0.19041.1566)
OS uptime: 6 days 15:56 hours

CPU: total 12 (initial active 12) (6 cores per cpu, 2 threads per core) family 6 model 158 stepping 10 microcode 0xea, cx8, cmov, fxsr, ht, mmx, 3dnowpref, sse, sse2, sse3, ssse3, sse4.1, sse4.2, popcnt, lzcnt, tsc, tscinvbit, avx, avx2, aes, erms, clmul, bmi1, bmi2, adx, fma, vzeroupper, clflush, clflushopt

Memory: 4k page, system-wide physical 7928M (251M free)
TotalPageFile size 32504M (AvailPageFile size 1M)
current process WorkingSet (physical memory assigned to process): 261M, peak: 429M
current process commit charge ("private bytes"): 658M, peak: 692M

vm_info: Java HotSpot(TM) 64-Bit Server VM (16.0.2+7-67) for windows-amd64 JRE (16.0.2+7-67), built on Jun  8 2021 23:24:19 by "mach5one" with MS VC++ 16.7 (VS2019)

END.
